2025-04-15T12:48:50.060-04:00  INFO 7152 --- [a5] [restartedMain] com.a5.A5Application                     : Starting A5Application using Java 23.0.2 with PID 7152 (C:\Users\16478\Downloads\StudentCourseManagementSystem\target\classes started by 16478 in C:\Users\16478\Downloads\StudentCourseManagementSystem)
2025-04-15T12:48:50.064-04:00 DEBUG 7152 --- [a5] [restartedMain] com.a5.A5Application                     : Running with Spring Boot v3.2.3, Spring v6.1.4
2025-04-15T12:48:50.067-04:00  INFO 7152 --- [a5] [restartedMain] com.a5.A5Application                     : No active profile set, falling back to 1 default profile: "default"
2025-04-15T12:48:50.224-04:00  INFO 7152 --- [a5] [restartedMain] .e.DevToolsPropertyDefaultsPostProcessor : Devtools property defaults active! Set 'spring.devtools.add-properties' to 'false' to disable
2025-04-15T12:48:50.225-04:00  INFO 7152 --- [a5] [restartedMain] .e.DevToolsPropertyDefaultsPostProcessor : For additional web related logging consider setting the 'logging.level.web' property to 'DEBUG'
2025-04-15T12:48:51.195-04:00  INFO 7152 --- [a5] [restartedMain] .s.d.r.c.RepositoryConfigurationDelegate : Bootstrapping Spring Data JPA repositories in DEFAULT mode.
2025-04-15T12:48:51.271-04:00  INFO 7152 --- [a5] [restartedMain] .s.d.r.c.RepositoryConfigurationDelegate : Finished Spring Data repository scanning in 64 ms. Found 3 JPA repository interfaces.
2025-04-15T12:48:52.996-04:00  INFO 7152 --- [a5] [restartedMain] o.s.b.w.embedded.tomcat.TomcatWebServer  : Tomcat initialized with port 8080 (http)
2025-04-15T12:48:53.012-04:00  INFO 7152 --- [a5] [restartedMain] o.apache.catalina.core.StandardService   : Starting service [Tomcat]
2025-04-15T12:48:53.015-04:00  INFO 7152 --- [a5] [restartedMain] o.apache.catalina.core.StandardEngine    : Starting Servlet engine: [Apache Tomcat/10.1.19]
2025-04-15T12:48:53.091-04:00  INFO 7152 --- [a5] [restartedMain] o.a.c.c.C.[Tomcat].[localhost].[/]       : Initializing Spring embedded WebApplicationContext
2025-04-15T12:48:53.093-04:00  INFO 7152 --- [a5] [restartedMain] w.s.c.ServletWebServerApplicationContext : Root WebApplicationContext: initialization completed in 2865 ms
2025-04-15T12:48:53.583-04:00  INFO 7152 --- [a5] [restartedMain] o.hibernate.jpa.internal.util.LogHelper  : HHH000204: Processing PersistenceUnitInfo [name: default]
2025-04-15T12:48:53.696-04:00  INFO 7152 --- [a5] [restartedMain] org.hibernate.Version                    : HHH000412: Hibernate ORM core version 6.4.4.Final
2025-04-15T12:48:53.749-04:00  INFO 7152 --- [a5] [restartedMain] o.h.c.internal.RegionFactoryInitiator    : HHH000026: Second-level cache disabled
2025-04-15T12:48:54.032-04:00  INFO 7152 --- [a5] [restartedMain] o.s.o.j.p.SpringPersistenceUnitInfo      : No LoadTimeWeaver setup: ignoring JPA class transformer
2025-04-15T12:48:54.080-04:00  INFO 7152 --- [a5] [restartedMain] com.zaxxer.hikari.HikariDataSource       : HikariPool-1 - Starting...
2025-04-15T12:48:55.719-04:00 ERROR 7152 --- [a5] [restartedMain] com.zaxxer.hikari.pool.HikariPool        : HikariPool-1 - Exception during pool initialization.

java.sql.SQLException: Access denied for user 'sirsir'@'localhost' (using password: YES)
	at com.mysql.cj.jdbc.exceptions.SQLError.createSQLException(SQLError.java:130) ~[mysql-connector-j-8.3.0.jar:8.3.0]
	at com.mysql.cj.jdbc.exceptions.SQLExceptionsMapping.translateException(SQLExceptionsMapping.java:122) ~[mysql-connector-j-8.3.0.jar:8.3.0]
	at com.mysql.cj.jdbc.ConnectionImpl.createNewIO(ConnectionImpl.java:815) ~[mysql-connector-j-8.3.0.jar:8.3.0]
	at com.mysql.cj.jdbc.ConnectionImpl.<init>(ConnectionImpl.java:438) ~[mysql-connector-j-8.3.0.jar:8.3.0]
	at com.mysql.cj.jdbc.ConnectionImpl.getInstance(ConnectionImpl.java:241) ~[mysql-connector-j-8.3.0.jar:8.3.0]
	at com.mysql.cj.jdbc.NonRegisteringDriver.connect(NonRegisteringDriver.java:189) ~[mysql-connector-j-8.3.0.jar:8.3.0]
	at com.zaxxer.hikari.util.DriverDataSource.getConnection(DriverDataSource.java:138) ~[HikariCP-5.0.1.jar:na]
	at com.zaxxer.hikari.pool.PoolBase.newConnection(PoolBase.java:359) ~[HikariCP-5.0.1.jar:na]
	at com.zaxxer.hikari.pool.PoolBase.newPoolEntry(PoolBase.java:201) ~[HikariCP-5.0.1.jar:na]
	at com.zaxxer.hikari.pool.HikariPool.createPoolEntry(HikariPool.java:470) ~[HikariCP-5.0.1.jar:na]
	at com.zaxxer.hikari.pool.HikariPool.checkFailFast(HikariPool.java:561) ~[HikariCP-5.0.1.jar:na]
	at com.zaxxer.hikari.pool.HikariPool.<init>(HikariPool.java:100) ~[HikariCP-5.0.1.jar:na]
	at com.zaxxer.hikari.HikariDataSource.getConnection(HikariDataSource.java:112) ~[HikariCP-5.0.1.jar:na]
	at org.hibernate.engine.jdbc.connections.internal.DatasourceConnectionProviderImpl.getConnection(DatasourceConnectionProviderImpl.java:122) ~[hibernate-core-6.4.4.Final.jar:6.4.4.Final]
	at org.hibernate.engine.jdbc.env.internal.JdbcEnvironmentInitiator$ConnectionProviderJdbcConnectionAccess.obtainConnection(JdbcEnvironmentInitiator.java:428) ~[hibernate-core-6.4.4.Final.jar:6.4.4.Final]
	at org.hibernate.resource.transaction.backend.jdbc.internal.JdbcIsolationDelegate.delegateWork(JdbcIsolationDelegate.java:61) ~[hibernate-core-6.4.4.Final.jar:6.4.4.Final]
	at org.hibernate.engine.jdbc.env.internal.JdbcEnvironmentInitiator.getJdbcEnvironmentUsingJdbcMetadata(JdbcEnvironmentInitiator.java:276) ~[hibernate-core-6.4.4.Final.jar:6.4.4.Final]
	at org.hibernate.engine.jdbc.env.internal.JdbcEnvironmentInitiator.initiateService(JdbcEnvironmentInitiator.java:107) ~[hibernate-core-6.4.4.Final.jar:6.4.4.Final]
	at org.hibernate.engine.jdbc.env.internal.JdbcEnvironmentInitiator.initiateService(JdbcEnvironmentInitiator.java:68) ~[hibernate-core-6.4.4.Final.jar:6.4.4.Final]
	at org.hibernate.boot.registry.internal.StandardServiceRegistryImpl.initiateService(StandardServiceRegistryImpl.java:130) ~[hibernate-core-6.4.4.Final.jar:6.4.4.Final]
	at org.hibernate.service.internal.AbstractServiceRegistryImpl.createService(AbstractServiceRegistryImpl.java:263) ~[hibernate-core-6.4.4.Final.jar:6.4.4.Final]
	at org.hibernate.service.internal.AbstractServiceRegistryImpl.initializeService(AbstractServiceRegistryImpl.java:238) ~[hibernate-core-6.4.4.Final.jar:6.4.4.Final]
	at org.hibernate.service.internal.AbstractServiceRegistryImpl.getService(AbstractServiceRegistryImpl.java:215) ~[hibernate-core-6.4.4.Final.jar:6.4.4.Final]
	at org.hibernate.boot.model.relational.Database.<init>(Database.java:45) ~[hibernate-core-6.4.4.Final.jar:6.4.4.Final]
	at org.hibernate.boot.internal.InFlightMetadataCollectorImpl.getDatabase(InFlightMetadataCollectorImpl.java:223) ~[hibernate-core-6.4.4.Final.jar:6.4.4.Final]
	at org.hibernate.boot.internal.InFlightMetadataCollectorImpl.<init>(InFlightMetadataCollectorImpl.java:191) ~[hibernate-core-6.4.4.Final.jar:6.4.4.Final]
	at org.hibernate.boot.model.process.spi.MetadataBuildingProcess.complete(MetadataBuildingProcess.java:170) ~[hibernate-core-6.4.4.Final.jar:6.4.4.Final]
	at org.hibernate.jpa.boot.internal.EntityManagerFactoryBuilderImpl.metadata(EntityManagerFactoryBuilderImpl.java:1432) ~[hibernate-core-6.4.4.Final.jar:6.4.4.Final]
	at org.hibernate.jpa.boot.internal.EntityManagerFactoryBuilderImpl.build(EntityManagerFactoryBuilderImpl.java:1503) ~[hibernate-core-6.4.4.Final.jar:6.4.4.Final]
	at org.springframework.orm.jpa.vendor.SpringHibernateJpaPersistenceProvider.createContainerEntityManagerFactory(SpringHibernateJpaPersistenceProvider.java:75) ~[spring-orm-6.1.4.jar:6.1.4]
	at org.springframework.orm.jpa.LocalContainerEntityManagerFactoryBean.createNativeEntityManagerFactory(LocalContainerEntityManagerFactoryBean.java:388) ~[spring-orm-6.1.4.jar:6.1.4]
	at org.springframework.orm.jpa.AbstractEntityManagerFactoryBean.buildNativeEntityManagerFactory(AbstractEntityManagerFactoryBean.java:409) ~[spring-orm-6.1.4.jar:6.1.4]
	at org.springframework.orm.jpa.AbstractEntityManagerFactoryBean.afterPropertiesSet(AbstractEntityManagerFactoryBean.java:396) ~[spring-orm-6.1.4.jar:6.1.4]
	at org.springframework.orm.jpa.LocalContainerEntityManagerFactoryBean.afterPropertiesSet(LocalContainerEntityManagerFactoryBean.java:364) ~[spring-orm-6.1.4.jar:6.1.4]
	at org.springframework.beans.factory.support.AbstractAutowireCapableBeanFactory.invokeInitMethods(AbstractAutowireCapableBeanFactory.java:1833) ~[spring-beans-6.1.4.jar:6.1.4]
	at org.springframework.beans.factory.support.AbstractAutowireCapableBeanFactory.initializeBean(AbstractAutowireCapableBeanFactory.java:1782) ~[spring-beans-6.1.4.jar:6.1.4]
	at org.springframework.beans.factory.support.AbstractAutowireCapableBeanFactory.doCreateBean(AbstractAutowireCapableBeanFactory.java:600) ~[spring-beans-6.1.4.jar:6.1.4]
	at org.springframework.beans.factory.support.AbstractAutowireCapableBeanFactory.createBean(AbstractAutowireCapableBeanFactory.java:522) ~[spring-beans-6.1.4.jar:6.1.4]
	at org.springframework.beans.factory.support.AbstractBeanFactory.lambda$doGetBean$0(AbstractBeanFactory.java:325) ~[spring-beans-6.1.4.jar:6.1.4]
	at org.springframework.beans.factory.support.DefaultSingletonBeanRegistry.getSingleton(DefaultSingletonBeanRegistry.java:234) ~[spring-beans-6.1.4.jar:6.1.4]
	at org.springframework.beans.factory.support.AbstractBeanFactory.doGetBean(AbstractBeanFactory.java:323) ~[spring-beans-6.1.4.jar:6.1.4]
	at org.springframework.beans.factory.support.AbstractBeanFactory.getBean(AbstractBeanFactory.java:199) ~[spring-beans-6.1.4.jar:6.1.4]
	at org.springframework.context.support.AbstractApplicationContext.getBean(AbstractApplicationContext.java:1231) ~[spring-context-6.1.4.jar:6.1.4]
	at org.springframework.context.support.AbstractApplicationContext.finishBeanFactoryInitialization(AbstractApplicationContext.java:949) ~[spring-context-6.1.4.jar:6.1.4]
	at org.springframework.context.support.AbstractApplicationContext.refresh(AbstractApplicationContext.java:624) ~[spring-context-6.1.4.jar:6.1.4]
	at org.springframework.boot.web.servlet.context.ServletWebServerApplicationContext.refresh(ServletWebServerApplicationContext.java:146) ~[spring-boot-3.2.3.jar:3.2.3]
	at org.springframework.boot.SpringApplication.refresh(SpringApplication.java:754) ~[spring-boot-3.2.3.jar:3.2.3]
	at org.springframework.boot.SpringApplication.refreshContext(SpringApplication.java:456) ~[spring-boot-3.2.3.jar:3.2.3]
	at org.springframework.boot.SpringApplication.run(SpringApplication.java:334) ~[spring-boot-3.2.3.jar:3.2.3]
	at org.springframework.boot.SpringApplication.run(SpringApplication.java:1354) ~[spring-boot-3.2.3.jar:3.2.3]
	at org.springframework.boot.SpringApplication.run(SpringApplication.java:1343) ~[spring-boot-3.2.3.jar:3.2.3]
	at com.a5.A5Application.main(A5Application.java:27) ~[classes/:na]
	at java.base/jdk.internal.reflect.DirectMethodHandleAccessor.invoke(DirectMethodHandleAccessor.java:103) ~[na:na]
	at java.base/java.lang.reflect.Method.invoke(Method.java:580) ~[na:na]
	at org.springframework.boot.devtools.restart.RestartLauncher.run(RestartLauncher.java:50) ~[spring-boot-devtools-3.2.3.jar:3.2.3]

2025-04-15T12:48:55.768-04:00  WARN 7152 --- [a5] [restartedMain] o.h.e.j.e.i.JdbcEnvironmentInitiator     : HHH000342: Could not obtain connection to query metadata

java.lang.NullPointerException: Cannot invoke "org.hibernate.engine.jdbc.spi.SqlExceptionHelper.convert(java.sql.SQLException, String)" because the return value of "org.hibernate.resource.transaction.backend.jdbc.internal.JdbcIsolationDelegate.sqlExceptionHelper()" is null
	at org.hibernate.resource.transaction.backend.jdbc.internal.JdbcIsolationDelegate.delegateWork(JdbcIsolationDelegate.java:116) ~[hibernate-core-6.4.4.Final.jar:6.4.4.Final]
	at org.hibernate.engine.jdbc.env.internal.JdbcEnvironmentInitiator.getJdbcEnvironmentUsingJdbcMetadata(JdbcEnvironmentInitiator.java:276) ~[hibernate-core-6.4.4.Final.jar:6.4.4.Final]
	at org.hibernate.engine.jdbc.env.internal.JdbcEnvironmentInitiator.initiateService(JdbcEnvironmentInitiator.java:107) ~[hibernate-core-6.4.4.Final.jar:6.4.4.Final]
	at org.hibernate.engine.jdbc.env.internal.JdbcEnvironmentInitiator.initiateService(JdbcEnvironmentInitiator.java:68) ~[hibernate-core-6.4.4.Final.jar:6.4.4.Final]
	at org.hibernate.boot.registry.internal.StandardServiceRegistryImpl.initiateService(StandardServiceRegistryImpl.java:130) ~[hibernate-core-6.4.4.Final.jar:6.4.4.Final]
	at org.hibernate.service.internal.AbstractServiceRegistryImpl.createService(AbstractServiceRegistryImpl.java:263) ~[hibernate-core-6.4.4.Final.jar:6.4.4.Final]
	at org.hibernate.service.internal.AbstractServiceRegistryImpl.initializeService(AbstractServiceRegistryImpl.java:238) ~[hibernate-core-6.4.4.Final.jar:6.4.4.Final]
	at org.hibernate.service.internal.AbstractServiceRegistryImpl.getService(AbstractServiceRegistryImpl.java:215) ~[hibernate-core-6.4.4.Final.jar:6.4.4.Final]
	at org.hibernate.boot.model.relational.Database.<init>(Database.java:45) ~[hibernate-core-6.4.4.Final.jar:6.4.4.Final]
	at org.hibernate.boot.internal.InFlightMetadataCollectorImpl.getDatabase(InFlightMetadataCollectorImpl.java:223) ~[hibernate-core-6.4.4.Final.jar:6.4.4.Final]
	at org.hibernate.boot.internal.InFlightMetadataCollectorImpl.<init>(InFlightMetadataCollectorImpl.java:191) ~[hibernate-core-6.4.4.Final.jar:6.4.4.Final]
	at org.hibernate.boot.model.process.spi.MetadataBuildingProcess.complete(MetadataBuildingProcess.java:170) ~[hibernate-core-6.4.4.Final.jar:6.4.4.Final]
	at org.hibernate.jpa.boot.internal.EntityManagerFactoryBuilderImpl.metadata(EntityManagerFactoryBuilderImpl.java:1432) ~[hibernate-core-6.4.4.Final.jar:6.4.4.Final]
	at org.hibernate.jpa.boot.internal.EntityManagerFactoryBuilderImpl.build(EntityManagerFactoryBuilderImpl.java:1503) ~[hibernate-core-6.4.4.Final.jar:6.4.4.Final]
	at org.springframework.orm.jpa.vendor.SpringHibernateJpaPersistenceProvider.createContainerEntityManagerFactory(SpringHibernateJpaPersistenceProvider.java:75) ~[spring-orm-6.1.4.jar:6.1.4]
	at org.springframework.orm.jpa.LocalContainerEntityManagerFactoryBean.createNativeEntityManagerFactory(LocalContainerEntityManagerFactoryBean.java:388) ~[spring-orm-6.1.4.jar:6.1.4]
	at org.springframework.orm.jpa.AbstractEntityManagerFactoryBean.buildNativeEntityManagerFactory(AbstractEntityManagerFactoryBean.java:409) ~[spring-orm-6.1.4.jar:6.1.4]
	at org.springframework.orm.jpa.AbstractEntityManagerFactoryBean.afterPropertiesSet(AbstractEntityManagerFactoryBean.java:396) ~[spring-orm-6.1.4.jar:6.1.4]
	at org.springframework.orm.jpa.LocalContainerEntityManagerFactoryBean.afterPropertiesSet(LocalContainerEntityManagerFactoryBean.java:364) ~[spring-orm-6.1.4.jar:6.1.4]
	at org.springframework.beans.factory.support.AbstractAutowireCapableBeanFactory.invokeInitMethods(AbstractAutowireCapableBeanFactory.java:1833) ~[spring-beans-6.1.4.jar:6.1.4]
	at org.springframework.beans.factory.support.AbstractAutowireCapableBeanFactory.initializeBean(AbstractAutowireCapableBeanFactory.java:1782) ~[spring-beans-6.1.4.jar:6.1.4]
	at org.springframework.beans.factory.support.AbstractAutowireCapableBeanFactory.doCreateBean(AbstractAutowireCapableBeanFactory.java:600) ~[spring-beans-6.1.4.jar:6.1.4]
	at org.springframework.beans.factory.support.AbstractAutowireCapableBeanFactory.createBean(AbstractAutowireCapableBeanFactory.java:522) ~[spring-beans-6.1.4.jar:6.1.4]
	at org.springframework.beans.factory.support.AbstractBeanFactory.lambda$doGetBean$0(AbstractBeanFactory.java:325) ~[spring-beans-6.1.4.jar:6.1.4]
	at org.springframework.beans.factory.support.DefaultSingletonBeanRegistry.getSingleton(DefaultSingletonBeanRegistry.java:234) ~[spring-beans-6.1.4.jar:6.1.4]
	at org.springframework.beans.factory.support.AbstractBeanFactory.doGetBean(AbstractBeanFactory.java:323) ~[spring-beans-6.1.4.jar:6.1.4]
	at org.springframework.beans.factory.support.AbstractBeanFactory.getBean(AbstractBeanFactory.java:199) ~[spring-beans-6.1.4.jar:6.1.4]
	at org.springframework.context.support.AbstractApplicationContext.getBean(AbstractApplicationContext.java:1231) ~[spring-context-6.1.4.jar:6.1.4]
	at org.springframework.context.support.AbstractApplicationContext.finishBeanFactoryInitialization(AbstractApplicationContext.java:949) ~[spring-context-6.1.4.jar:6.1.4]
	at org.springframework.context.support.AbstractApplicationContext.refresh(AbstractApplicationContext.java:624) ~[spring-context-6.1.4.jar:6.1.4]
	at org.springframework.boot.web.servlet.context.ServletWebServerApplicationContext.refresh(ServletWebServerApplicationContext.java:146) ~[spring-boot-3.2.3.jar:3.2.3]
	at org.springframework.boot.SpringApplication.refresh(SpringApplication.java:754) ~[spring-boot-3.2.3.jar:3.2.3]
	at org.springframework.boot.SpringApplication.refreshContext(SpringApplication.java:456) ~[spring-boot-3.2.3.jar:3.2.3]
	at org.springframework.boot.SpringApplication.run(SpringApplication.java:334) ~[spring-boot-3.2.3.jar:3.2.3]
	at org.springframework.boot.SpringApplication.run(SpringApplication.java:1354) ~[spring-boot-3.2.3.jar:3.2.3]
	at org.springframework.boot.SpringApplication.run(SpringApplication.java:1343) ~[spring-boot-3.2.3.jar:3.2.3]
	at com.a5.A5Application.main(A5Application.java:27) ~[classes/:na]
	at java.base/jdk.internal.reflect.DirectMethodHandleAccessor.invoke(DirectMethodHandleAccessor.java:103) ~[na:na]
	at java.base/java.lang.reflect.Method.invoke(Method.java:580) ~[na:na]
	at org.springframework.boot.devtools.restart.RestartLauncher.run(RestartLauncher.java:50) ~[spring-boot-devtools-3.2.3.jar:3.2.3]

2025-04-15T12:48:55.837-04:00  WARN 7152 --- [a5] [restartedMain] org.hibernate.orm.deprecation            : HHH90000025: MySQLDialect does not need to be specified explicitly using 'hibernate.dialect' (remove the property setting and it will be selected by default)
2025-04-15T12:48:57.038-04:00  INFO 7152 --- [a5] [restartedMain] o.h.e.t.j.p.i.JtaPlatformInitiator       : HHH000489: No JTA platform available (set 'hibernate.transaction.jta.platform' to enable JTA platform integration)
2025-04-15T12:48:57.080-04:00  INFO 7152 --- [a5] [restartedMain] com.zaxxer.hikari.HikariDataSource       : HikariPool-1 - Starting...
2025-04-15T12:48:58.138-04:00 ERROR 7152 --- [a5] [restartedMain] com.zaxxer.hikari.pool.HikariPool        : HikariPool-1 - Exception during pool initialization.

java.sql.SQLException: Access denied for user 'sirsir'@'localhost' (using password: YES)
	at com.mysql.cj.jdbc.exceptions.SQLError.createSQLException(SQLError.java:130) ~[mysql-connector-j-8.3.0.jar:8.3.0]
	at com.mysql.cj.jdbc.exceptions.SQLExceptionsMapping.translateException(SQLExceptionsMapping.java:122) ~[mysql-connector-j-8.3.0.jar:8.3.0]
	at com.mysql.cj.jdbc.ConnectionImpl.createNewIO(ConnectionImpl.java:815) ~[mysql-connector-j-8.3.0.jar:8.3.0]
	at com.mysql.cj.jdbc.ConnectionImpl.<init>(ConnectionImpl.java:438) ~[mysql-connector-j-8.3.0.jar:8.3.0]
	at com.mysql.cj.jdbc.ConnectionImpl.getInstance(ConnectionImpl.java:241) ~[mysql-connector-j-8.3.0.jar:8.3.0]
	at com.mysql.cj.jdbc.NonRegisteringDriver.connect(NonRegisteringDriver.java:189) ~[mysql-connector-j-8.3.0.jar:8.3.0]
	at com.zaxxer.hikari.util.DriverDataSource.getConnection(DriverDataSource.java:138) ~[HikariCP-5.0.1.jar:na]
	at com.zaxxer.hikari.pool.PoolBase.newConnection(PoolBase.java:359) ~[HikariCP-5.0.1.jar:na]
	at com.zaxxer.hikari.pool.PoolBase.newPoolEntry(PoolBase.java:201) ~[HikariCP-5.0.1.jar:na]
	at com.zaxxer.hikari.pool.HikariPool.createPoolEntry(HikariPool.java:470) ~[HikariCP-5.0.1.jar:na]
	at com.zaxxer.hikari.pool.HikariPool.checkFailFast(HikariPool.java:561) ~[HikariCP-5.0.1.jar:na]
	at com.zaxxer.hikari.pool.HikariPool.<init>(HikariPool.java:100) ~[HikariCP-5.0.1.jar:na]
	at com.zaxxer.hikari.HikariDataSource.getConnection(HikariDataSource.java:112) ~[HikariCP-5.0.1.jar:na]
	at org.hibernate.engine.jdbc.connections.internal.DatasourceConnectionProviderImpl.getConnection(DatasourceConnectionProviderImpl.java:122) ~[hibernate-core-6.4.4.Final.jar:6.4.4.Final]
	at org.hibernate.engine.jdbc.env.internal.JdbcEnvironmentInitiator$ConnectionProviderJdbcConnectionAccess.obtainConnection(JdbcEnvironmentInitiator.java:428) ~[hibernate-core-6.4.4.Final.jar:6.4.4.Final]
	at org.hibernate.resource.transaction.backend.jdbc.internal.DdlTransactionIsolatorNonJtaImpl.getIsolatedConnection(DdlTransactionIsolatorNonJtaImpl.java:46) ~[hibernate-core-6.4.4.Final.jar:6.4.4.Final]
	at org.hibernate.resource.transaction.backend.jdbc.internal.DdlTransactionIsolatorNonJtaImpl.getIsolatedConnection(DdlTransactionIsolatorNonJtaImpl.java:39) ~[hibernate-core-6.4.4.Final.jar:6.4.4.Final]
	at org.hibernate.tool.schema.internal.exec.ImprovedExtractionContextImpl.getJdbcConnection(ImprovedExtractionContextImpl.java:63) ~[hibernate-core-6.4.4.Final.jar:6.4.4.Final]
	at org.hibernate.tool.schema.internal.exec.ImprovedExtractionContextImpl.getJdbcDatabaseMetaData(ImprovedExtractionContextImpl.java:70) ~[hibernate-core-6.4.4.Final.jar:6.4.4.Final]
	at org.hibernate.tool.schema.extract.internal.InformationExtractorJdbcDatabaseMetaDataImpl.processTableResultSet(InformationExtractorJdbcDatabaseMetaDataImpl.java:64) ~[hibernate-core-6.4.4.Final.jar:6.4.4.Final]
	at org.hibernate.tool.schema.extract.internal.AbstractInformationExtractorImpl.getTables(AbstractInformationExtractorImpl.java:570) ~[hibernate-core-6.4.4.Final.jar:6.4.4.Final]
	at org.hibernate.tool.schema.extract.internal.DatabaseInformationImpl.getTablesInformation(DatabaseInformationImpl.java:122) ~[hibernate-core-6.4.4.Final.jar:6.4.4.Final]
	at org.hibernate.tool.schema.internal.GroupedSchemaMigratorImpl.performTablesMigration(GroupedSchemaMigratorImpl.java:72) ~[hibernate-core-6.4.4.Final.jar:6.4.4.Final]
	at org.hibernate.tool.schema.internal.AbstractSchemaMigrator.performMigration(AbstractSchemaMigrator.java:232) ~[hibernate-core-6.4.4.Final.jar:6.4.4.Final]
	at org.hibernate.tool.schema.internal.AbstractSchemaMigrator.doMigration(AbstractSchemaMigrator.java:117) ~[hibernate-core-6.4.4.Final.jar:6.4.4.Final]
	at org.hibernate.tool.schema.spi.SchemaManagementToolCoordinator.performDatabaseAction(SchemaManagementToolCoordinator.java:286) ~[hibernate-core-6.4.4.Final.jar:6.4.4.Final]
	at org.hibernate.tool.schema.spi.SchemaManagementToolCoordinator.lambda$process$5(SchemaManagementToolCoordinator.java:145) ~[hibernate-core-6.4.4.Final.jar:6.4.4.Final]
	at java.base/java.util.HashMap.forEach(HashMap.java:1430) ~[na:na]
	at org.hibernate.tool.schema.spi.SchemaManagementToolCoordinator.process(SchemaManagementToolCoordinator.java:142) ~[hibernate-core-6.4.4.Final.jar:6.4.4.Final]
	at org.hibernate.boot.internal.SessionFactoryObserverForSchemaExport.sessionFactoryCreated(SessionFactoryObserverForSchemaExport.java:37) ~[hibernate-core-6.4.4.Final.jar:6.4.4.Final]
	at org.hibernate.internal.SessionFactoryObserverChain.sessionFactoryCreated(SessionFactoryObserverChain.java:35) ~[hibernate-core-6.4.4.Final.jar:6.4.4.Final]
	at org.hibernate.internal.SessionFactoryImpl.<init>(SessionFactoryImpl.java:315) ~[hibernate-core-6.4.4.Final.jar:6.4.4.Final]
	at org.hibernate.boot.internal.SessionFactoryBuilderImpl.build(SessionFactoryBuilderImpl.java:450) ~[hibernate-core-6.4.4.Final.jar:6.4.4.Final]
	at org.hibernate.jpa.boot.internal.EntityManagerFactoryBuilderImpl.build(EntityManagerFactoryBuilderImpl.java:1507) ~[hibernate-core-6.4.4.Final.jar:6.4.4.Final]
	at org.springframework.orm.jpa.vendor.SpringHibernateJpaPersistenceProvider.createContainerEntityManagerFactory(SpringHibernateJpaPersistenceProvider.java:75) ~[spring-orm-6.1.4.jar:6.1.4]
	at org.springframework.orm.jpa.LocalContainerEntityManagerFactoryBean.createNativeEntityManagerFactory(LocalContainerEntityManagerFactoryBean.java:388) ~[spring-orm-6.1.4.jar:6.1.4]
	at org.springframework.orm.jpa.AbstractEntityManagerFactoryBean.buildNativeEntityManagerFactory(AbstractEntityManagerFactoryBean.java:409) ~[spring-orm-6.1.4.jar:6.1.4]
	at org.springframework.orm.jpa.AbstractEntityManagerFactoryBean.afterPropertiesSet(AbstractEntityManagerFactoryBean.java:396) ~[spring-orm-6.1.4.jar:6.1.4]
	at org.springframework.orm.jpa.LocalContainerEntityManagerFactoryBean.afterPropertiesSet(LocalContainerEntityManagerFactoryBean.java:364) ~[spring-orm-6.1.4.jar:6.1.4]
	at org.springframework.beans.factory.support.AbstractAutowireCapableBeanFactory.invokeInitMethods(AbstractAutowireCapableBeanFactory.java:1833) ~[spring-beans-6.1.4.jar:6.1.4]
	at org.springframework.beans.factory.support.AbstractAutowireCapableBeanFactory.initializeBean(AbstractAutowireCapableBeanFactory.java:1782) ~[spring-beans-6.1.4.jar:6.1.4]
	at org.springframework.beans.factory.support.AbstractAutowireCapableBeanFactory.doCreateBean(AbstractAutowireCapableBeanFactory.java:600) ~[spring-beans-6.1.4.jar:6.1.4]
	at org.springframework.beans.factory.support.AbstractAutowireCapableBeanFactory.createBean(AbstractAutowireCapableBeanFactory.java:522) ~[spring-beans-6.1.4.jar:6.1.4]
	at org.springframework.beans.factory.support.AbstractBeanFactory.lambda$doGetBean$0(AbstractBeanFactory.java:325) ~[spring-beans-6.1.4.jar:6.1.4]
	at org.springframework.beans.factory.support.DefaultSingletonBeanRegistry.getSingleton(DefaultSingletonBeanRegistry.java:234) ~[spring-beans-6.1.4.jar:6.1.4]
	at org.springframework.beans.factory.support.AbstractBeanFactory.doGetBean(AbstractBeanFactory.java:323) ~[spring-beans-6.1.4.jar:6.1.4]
	at org.springframework.beans.factory.support.AbstractBeanFactory.getBean(AbstractBeanFactory.java:199) ~[spring-beans-6.1.4.jar:6.1.4]
	at org.springframework.context.support.AbstractApplicationContext.getBean(AbstractApplicationContext.java:1231) ~[spring-context-6.1.4.jar:6.1.4]
	at org.springframework.context.support.AbstractApplicationContext.finishBeanFactoryInitialization(AbstractApplicationContext.java:949) ~[spring-context-6.1.4.jar:6.1.4]
	at org.springframework.context.support.AbstractApplicationContext.refresh(AbstractApplicationContext.java:624) ~[spring-context-6.1.4.jar:6.1.4]
	at org.springframework.boot.web.servlet.context.ServletWebServerApplicationContext.refresh(ServletWebServerApplicationContext.java:146) ~[spring-boot-3.2.3.jar:3.2.3]
	at org.springframework.boot.SpringApplication.refresh(SpringApplication.java:754) ~[spring-boot-3.2.3.jar:3.2.3]
	at org.springframework.boot.SpringApplication.refreshContext(SpringApplication.java:456) ~[spring-boot-3.2.3.jar:3.2.3]
	at org.springframework.boot.SpringApplication.run(SpringApplication.java:334) ~[spring-boot-3.2.3.jar:3.2.3]
	at org.springframework.boot.SpringApplication.run(SpringApplication.java:1354) ~[spring-boot-3.2.3.jar:3.2.3]
	at org.springframework.boot.SpringApplication.run(SpringApplication.java:1343) ~[spring-boot-3.2.3.jar:3.2.3]
	at com.a5.A5Application.main(A5Application.java:27) ~[classes/:na]
	at java.base/jdk.internal.reflect.DirectMethodHandleAccessor.invoke(DirectMethodHandleAccessor.java:103) ~[na:na]
	at java.base/java.lang.reflect.Method.invoke(Method.java:580) ~[na:na]
	at org.springframework.boot.devtools.restart.RestartLauncher.run(RestartLauncher.java:50) ~[spring-boot-devtools-3.2.3.jar:3.2.3]

2025-04-15T12:48:58.159-04:00  WARN 7152 --- [a5] [restartedMain] o.h.engine.jdbc.spi.SqlExceptionHelper   : SQL Error: 1045, SQLState: 28000
2025-04-15T12:48:58.161-04:00 ERROR 7152 --- [a5] [restartedMain] o.h.engine.jdbc.spi.SqlExceptionHelper   : Access denied for user 'sirsir'@'localhost' (using password: YES)
2025-04-15T12:48:58.173-04:00 ERROR 7152 --- [a5] [restartedMain] j.LocalContainerEntityManagerFactoryBean : Failed to initialize JPA EntityManagerFactory: [PersistenceUnit: default] Unable to build Hibernate SessionFactory; nested exception is org.hibernate.exception.GenericJDBCException: Unable to open JDBC Connection for DDL execution [Access denied for user 'sirsir'@'localhost' (using password: YES)] [n/a]
2025-04-15T12:48:58.173-04:00  WARN 7152 --- [a5] [restartedMain] ConfigServletWebServerApplicationContext : Exception encountered during context initialization - cancelling refresh attempt: org.springframework.beans.factory.BeanCreationException: Error creating bean with name 'entityManagerFactory' defined in class path resource [org/springframework/boot/autoconfigure/orm/jpa/HibernateJpaConfiguration.class]: [PersistenceUnit: default] Unable to build Hibernate SessionFactory; nested exception is org.hibernate.exception.GenericJDBCException: Unable to open JDBC Connection for DDL execution [Access denied for user 'sirsir'@'localhost' (using password: YES)] [n/a]
2025-04-15T12:48:58.180-04:00  INFO 7152 --- [a5] [restartedMain] o.apache.catalina.core.StandardService   : Stopping service [Tomcat]
2025-04-15T12:48:58.207-04:00  INFO 7152 --- [a5] [restartedMain] .s.b.a.l.ConditionEvaluationReportLogger : 

Error starting ApplicationContext. To display the condition evaluation report re-run your application with 'debug' enabled.
2025-04-15T12:48:58.236-04:00 ERROR 7152 --- [a5] [restartedMain] o.s.boot.SpringApplication               : Application run failed

org.springframework.beans.factory.BeanCreationException: Error creating bean with name 'entityManagerFactory' defined in class path resource [org/springframework/boot/autoconfigure/orm/jpa/HibernateJpaConfiguration.class]: [PersistenceUnit: default] Unable to build Hibernate SessionFactory; nested exception is org.hibernate.exception.GenericJDBCException: Unable to open JDBC Connection for DDL execution [Access denied for user 'sirsir'@'localhost' (using password: YES)] [n/a]
	at org.springframework.beans.factory.support.AbstractAutowireCapableBeanFactory.initializeBean(AbstractAutowireCapableBeanFactory.java:1786) ~[spring-beans-6.1.4.jar:6.1.4]
	at org.springframework.beans.factory.support.AbstractAutowireCapableBeanFactory.doCreateBean(AbstractAutowireCapableBeanFactory.java:600) ~[spring-beans-6.1.4.jar:6.1.4]
	at org.springframework.beans.factory.support.AbstractAutowireCapableBeanFactory.createBean(AbstractAutowireCapableBeanFactory.java:522) ~[spring-beans-6.1.4.jar:6.1.4]
	at org.springframework.beans.factory.support.AbstractBeanFactory.lambda$doGetBean$0(AbstractBeanFactory.java:325) ~[spring-beans-6.1.4.jar:6.1.4]
	at org.springframework.beans.factory.support.DefaultSingletonBeanRegistry.getSingleton(DefaultSingletonBeanRegistry.java:234) ~[spring-beans-6.1.4.jar:6.1.4]
	at org.springframework.beans.factory.support.AbstractBeanFactory.doGetBean(AbstractBeanFactory.java:323) ~[spring-beans-6.1.4.jar:6.1.4]
	at org.springframework.beans.factory.support.AbstractBeanFactory.getBean(AbstractBeanFactory.java:199) ~[spring-beans-6.1.4.jar:6.1.4]
	at org.springframework.context.support.AbstractApplicationContext.getBean(AbstractApplicationContext.java:1231) ~[spring-context-6.1.4.jar:6.1.4]
	at org.springframework.context.support.AbstractApplicationContext.finishBeanFactoryInitialization(AbstractApplicationContext.java:949) ~[spring-context-6.1.4.jar:6.1.4]
	at org.springframework.context.support.AbstractApplicationContext.refresh(AbstractApplicationContext.java:624) ~[spring-context-6.1.4.jar:6.1.4]
	at org.springframework.boot.web.servlet.context.ServletWebServerApplicationContext.refresh(ServletWebServerApplicationContext.java:146) ~[spring-boot-3.2.3.jar:3.2.3]
	at org.springframework.boot.SpringApplication.refresh(SpringApplication.java:754) ~[spring-boot-3.2.3.jar:3.2.3]
	at org.springframework.boot.SpringApplication.refreshContext(SpringApplication.java:456) ~[spring-boot-3.2.3.jar:3.2.3]
	at org.springframework.boot.SpringApplication.run(SpringApplication.java:334) ~[spring-boot-3.2.3.jar:3.2.3]
	at org.springframework.boot.SpringApplication.run(SpringApplication.java:1354) ~[spring-boot-3.2.3.jar:3.2.3]
	at org.springframework.boot.SpringApplication.run(SpringApplication.java:1343) ~[spring-boot-3.2.3.jar:3.2.3]
	at com.a5.A5Application.main(A5Application.java:27) ~[classes/:na]
	at java.base/jdk.internal.reflect.DirectMethodHandleAccessor.invoke(DirectMethodHandleAccessor.java:103) ~[na:na]
	at java.base/java.lang.reflect.Method.invoke(Method.java:580) ~[na:na]
	at org.springframework.boot.devtools.restart.RestartLauncher.run(RestartLauncher.java:50) ~[spring-boot-devtools-3.2.3.jar:3.2.3]
Caused by: jakarta.persistence.PersistenceException: [PersistenceUnit: default] Unable to build Hibernate SessionFactory; nested exception is org.hibernate.exception.GenericJDBCException: Unable to open JDBC Connection for DDL execution [Access denied for user 'sirsir'@'localhost' (using password: YES)] [n/a]
	at org.springframework.orm.jpa.AbstractEntityManagerFactoryBean.buildNativeEntityManagerFactory(AbstractEntityManagerFactoryBean.java:421) ~[spring-orm-6.1.4.jar:6.1.4]
	at org.springframework.orm.jpa.AbstractEntityManagerFactoryBean.afterPropertiesSet(AbstractEntityManagerFactoryBean.java:396) ~[spring-orm-6.1.4.jar:6.1.4]
	at org.springframework.orm.jpa.LocalContainerEntityManagerFactoryBean.afterPropertiesSet(LocalContainerEntityManagerFactoryBean.java:364) ~[spring-orm-6.1.4.jar:6.1.4]
	at org.springframework.beans.factory.support.AbstractAutowireCapableBeanFactory.invokeInitMethods(AbstractAutowireCapableBeanFactory.java:1833) ~[spring-beans-6.1.4.jar:6.1.4]
	at org.springframework.beans.factory.support.AbstractAutowireCapableBeanFactory.initializeBean(AbstractAutowireCapableBeanFactory.java:1782) ~[spring-beans-6.1.4.jar:6.1.4]
	... 19 common frames omitted
Caused by: org.hibernate.exception.GenericJDBCException: Unable to open JDBC Connection for DDL execution [Access denied for user 'sirsir'@'localhost' (using password: YES)] [n/a]
	at org.hibernate.exception.internal.StandardSQLExceptionConverter.convert(StandardSQLExceptionConverter.java:63) ~[hibernate-core-6.4.4.Final.jar:6.4.4.Final]
	at org.hibernate.engine.jdbc.spi.SqlExceptionHelper.convert(SqlExceptionHelper.java:108) ~[hibernate-core-6.4.4.Final.jar:6.4.4.Final]
	at org.hibernate.engine.jdbc.spi.SqlExceptionHelper.convert(SqlExceptionHelper.java:94) ~[hibernate-core-6.4.4.Final.jar:6.4.4.Final]
	at org.hibernate.resource.transaction.backend.jdbc.internal.DdlTransactionIsolatorNonJtaImpl.getIsolatedConnection(DdlTransactionIsolatorNonJtaImpl.java:74) ~[hibernate-core-6.4.4.Final.jar:6.4.4.Final]
	at org.hibernate.resource.transaction.backend.jdbc.internal.DdlTransactionIsolatorNonJtaImpl.getIsolatedConnection(DdlTransactionIsolatorNonJtaImpl.java:39) ~[hibernate-core-6.4.4.Final.jar:6.4.4.Final]
	at org.hibernate.tool.schema.internal.exec.ImprovedExtractionContextImpl.getJdbcConnection(ImprovedExtractionContextImpl.java:63) ~[hibernate-core-6.4.4.Final.jar:6.4.4.Final]
	at org.hibernate.tool.schema.internal.exec.ImprovedExtractionContextImpl.getJdbcDatabaseMetaData(ImprovedExtractionContextImpl.java:70) ~[hibernate-core-6.4.4.Final.jar:6.4.4.Final]
	at org.hibernate.tool.schema.extract.internal.InformationExtractorJdbcDatabaseMetaDataImpl.processTableResultSet(InformationExtractorJdbcDatabaseMetaDataImpl.java:64) ~[hibernate-core-6.4.4.Final.jar:6.4.4.Final]
	at org.hibernate.tool.schema.extract.internal.AbstractInformationExtractorImpl.getTables(AbstractInformationExtractorImpl.java:570) ~[hibernate-core-6.4.4.Final.jar:6.4.4.Final]
	at org.hibernate.tool.schema.extract.internal.DatabaseInformationImpl.getTablesInformation(DatabaseInformationImpl.java:122) ~[hibernate-core-6.4.4.Final.jar:6.4.4.Final]
	at org.hibernate.tool.schema.internal.GroupedSchemaMigratorImpl.performTablesMigration(GroupedSchemaMigratorImpl.java:72) ~[hibernate-core-6.4.4.Final.jar:6.4.4.Final]
	at org.hibernate.tool.schema.internal.AbstractSchemaMigrator.performMigration(AbstractSchemaMigrator.java:232) ~[hibernate-core-6.4.4.Final.jar:6.4.4.Final]
	at org.hibernate.tool.schema.internal.AbstractSchemaMigrator.doMigration(AbstractSchemaMigrator.java:117) ~[hibernate-core-6.4.4.Final.jar:6.4.4.Final]
	at org.hibernate.tool.schema.spi.SchemaManagementToolCoordinator.performDatabaseAction(SchemaManagementToolCoordinator.java:286) ~[hibernate-core-6.4.4.Final.jar:6.4.4.Final]
	at org.hibernate.tool.schema.spi.SchemaManagementToolCoordinator.lambda$process$5(SchemaManagementToolCoordinator.java:145) ~[hibernate-core-6.4.4.Final.jar:6.4.4.Final]
	at java.base/java.util.HashMap.forEach(HashMap.java:1430) ~[na:na]
	at org.hibernate.tool.schema.spi.SchemaManagementToolCoordinator.process(SchemaManagementToolCoordinator.java:142) ~[hibernate-core-6.4.4.Final.jar:6.4.4.Final]
	at org.hibernate.boot.internal.SessionFactoryObserverForSchemaExport.sessionFactoryCreated(SessionFactoryObserverForSchemaExport.java:37) ~[hibernate-core-6.4.4.Final.jar:6.4.4.Final]
	at org.hibernate.internal.SessionFactoryObserverChain.sessionFactoryCreated(SessionFactoryObserverChain.java:35) ~[hibernate-core-6.4.4.Final.jar:6.4.4.Final]
	at org.hibernate.internal.SessionFactoryImpl.<init>(SessionFactoryImpl.java:315) ~[hibernate-core-6.4.4.Final.jar:6.4.4.Final]
	at org.hibernate.boot.internal.SessionFactoryBuilderImpl.build(SessionFactoryBuilderImpl.java:450) ~[hibernate-core-6.4.4.Final.jar:6.4.4.Final]
	at org.hibernate.jpa.boot.internal.EntityManagerFactoryBuilderImpl.build(EntityManagerFactoryBuilderImpl.java:1507) ~[hibernate-core-6.4.4.Final.jar:6.4.4.Final]
	at org.springframework.orm.jpa.vendor.SpringHibernateJpaPersistenceProvider.createContainerEntityManagerFactory(SpringHibernateJpaPersistenceProvider.java:75) ~[spring-orm-6.1.4.jar:6.1.4]
	at org.springframework.orm.jpa.LocalContainerEntityManagerFactoryBean.createNativeEntityManagerFactory(LocalContainerEntityManagerFactoryBean.java:388) ~[spring-orm-6.1.4.jar:6.1.4]
	at org.springframework.orm.jpa.AbstractEntityManagerFactoryBean.buildNativeEntityManagerFactory(AbstractEntityManagerFactoryBean.java:409) ~[spring-orm-6.1.4.jar:6.1.4]
	... 23 common frames omitted
Caused by: java.sql.SQLException: Access denied for user 'sirsir'@'localhost' (using password: YES)
	at com.mysql.cj.jdbc.exceptions.SQLError.createSQLException(SQLError.java:130) ~[mysql-connector-j-8.3.0.jar:8.3.0]
	at com.mysql.cj.jdbc.exceptions.SQLExceptionsMapping.translateException(SQLExceptionsMapping.java:122) ~[mysql-connector-j-8.3.0.jar:8.3.0]
	at com.mysql.cj.jdbc.ConnectionImpl.createNewIO(ConnectionImpl.java:815) ~[mysql-connector-j-8.3.0.jar:8.3.0]
	at com.mysql.cj.jdbc.ConnectionImpl.<init>(ConnectionImpl.java:438) ~[mysql-connector-j-8.3.0.jar:8.3.0]
	at com.mysql.cj.jdbc.ConnectionImpl.getInstance(ConnectionImpl.java:241) ~[mysql-connector-j-8.3.0.jar:8.3.0]
	at com.mysql.cj.jdbc.NonRegisteringDriver.connect(NonRegisteringDriver.java:189) ~[mysql-connector-j-8.3.0.jar:8.3.0]
	at com.zaxxer.hikari.util.DriverDataSource.getConnection(DriverDataSource.java:138) ~[HikariCP-5.0.1.jar:na]
	at com.zaxxer.hikari.pool.PoolBase.newConnection(PoolBase.java:359) ~[HikariCP-5.0.1.jar:na]
	at com.zaxxer.hikari.pool.PoolBase.newPoolEntry(PoolBase.java:201) ~[HikariCP-5.0.1.jar:na]
	at com.zaxxer.hikari.pool.HikariPool.createPoolEntry(HikariPool.java:470) ~[HikariCP-5.0.1.jar:na]
	at com.zaxxer.hikari.pool.HikariPool.checkFailFast(HikariPool.java:561) ~[HikariCP-5.0.1.jar:na]
	at com.zaxxer.hikari.pool.HikariPool.<init>(HikariPool.java:100) ~[HikariCP-5.0.1.jar:na]
	at com.zaxxer.hikari.HikariDataSource.getConnection(HikariDataSource.java:112) ~[HikariCP-5.0.1.jar:na]
	at org.hibernate.engine.jdbc.connections.internal.DatasourceConnectionProviderImpl.getConnection(DatasourceConnectionProviderImpl.java:122) ~[hibernate-core-6.4.4.Final.jar:6.4.4.Final]
	at org.hibernate.engine.jdbc.env.internal.JdbcEnvironmentInitiator$ConnectionProviderJdbcConnectionAccess.obtainConnection(JdbcEnvironmentInitiator.java:428) ~[hibernate-core-6.4.4.Final.jar:6.4.4.Final]
	at org.hibernate.resource.transaction.backend.jdbc.internal.DdlTransactionIsolatorNonJtaImpl.getIsolatedConnection(DdlTransactionIsolatorNonJtaImpl.java:46) ~[hibernate-core-6.4.4.Final.jar:6.4.4.Final]
	... 44 common frames omitted

2025-04-15T12:54:59.316-04:00  INFO 29392 --- [a5] [restartedMain] com.a5.A5Application                     : Starting A5Application using Java 23.0.2 with PID 29392 (C:\Users\16478\Downloads\StudentCourseManagementSystem\target\classes started by 16478 in C:\Users\16478\Downloads\StudentCourseManagementSystem)
2025-04-15T12:54:59.318-04:00 DEBUG 29392 --- [a5] [restartedMain] com.a5.A5Application                     : Running with Spring Boot v3.2.3, Spring v6.1.4
2025-04-15T12:54:59.319-04:00  INFO 29392 --- [a5] [restartedMain] com.a5.A5Application                     : No active profile set, falling back to 1 default profile: "default"
2025-04-15T12:54:59.440-04:00  INFO 29392 --- [a5] [restartedMain] .e.DevToolsPropertyDefaultsPostProcessor : Devtools property defaults active! Set 'spring.devtools.add-properties' to 'false' to disable
2025-04-15T12:54:59.441-04:00  INFO 29392 --- [a5] [restartedMain] .e.DevToolsPropertyDefaultsPostProcessor : For additional web related logging consider setting the 'logging.level.web' property to 'DEBUG'
2025-04-15T12:55:00.850-04:00  INFO 29392 --- [a5] [restartedMain] .s.d.r.c.RepositoryConfigurationDelegate : Bootstrapping Spring Data JPA repositories in DEFAULT mode.
2025-04-15T12:55:00.919-04:00  INFO 29392 --- [a5] [restartedMain] .s.d.r.c.RepositoryConfigurationDelegate : Finished Spring Data repository scanning in 57 ms. Found 3 JPA repository interfaces.
2025-04-15T12:55:03.129-04:00  INFO 29392 --- [a5] [restartedMain] o.s.b.w.embedded.tomcat.TomcatWebServer  : Tomcat initialized with port 8080 (http)
2025-04-15T12:55:03.150-04:00  INFO 29392 --- [a5] [restartedMain] o.apache.catalina.core.StandardService   : Starting service [Tomcat]
2025-04-15T12:55:03.150-04:00  INFO 29392 --- [a5] [restartedMain] o.apache.catalina.core.StandardEngine    : Starting Servlet engine: [Apache Tomcat/10.1.19]
2025-04-15T12:55:03.222-04:00  INFO 29392 --- [a5] [restartedMain] o.a.c.c.C.[Tomcat].[localhost].[/]       : Initializing Spring embedded WebApplicationContext
2025-04-15T12:55:03.223-04:00  INFO 29392 --- [a5] [restartedMain] w.s.c.ServletWebServerApplicationContext : Root WebApplicationContext: initialization completed in 3781 ms
2025-04-15T12:55:03.811-04:00  INFO 29392 --- [a5] [restartedMain] o.hibernate.jpa.internal.util.LogHelper  : HHH000204: Processing PersistenceUnitInfo [name: default]
2025-04-15T12:55:03.950-04:00  INFO 29392 --- [a5] [restartedMain] org.hibernate.Version                    : HHH000412: Hibernate ORM core version 6.4.4.Final
2025-04-15T12:55:04.007-04:00  INFO 29392 --- [a5] [restartedMain] o.h.c.internal.RegionFactoryInitiator    : HHH000026: Second-level cache disabled
2025-04-15T12:55:04.318-04:00  INFO 29392 --- [a5] [restartedMain] o.s.o.j.p.SpringPersistenceUnitInfo      : No LoadTimeWeaver setup: ignoring JPA class transformer
2025-04-15T12:55:04.354-04:00  INFO 29392 --- [a5] [restartedMain] com.zaxxer.hikari.HikariDataSource       : HikariPool-1 - Starting...
2025-04-15T12:55:05.061-04:00  INFO 29392 --- [a5] [restartedMain] com.zaxxer.hikari.pool.HikariPool        : HikariPool-1 - Added connection com.mysql.cj.jdbc.ConnectionImpl@1c4c2bc6
2025-04-15T12:55:05.064-04:00  INFO 29392 --- [a5] [restartedMain] com.zaxxer.hikari.HikariDataSource       : HikariPool-1 - Start completed.
2025-04-15T12:55:05.155-04:00  WARN 29392 --- [a5] [restartedMain] org.hibernate.orm.deprecation            : HHH90000025: MySQLDialect does not need to be specified explicitly using 'hibernate.dialect' (remove the property setting and it will be selected by default)
2025-04-15T12:55:06.890-04:00  INFO 29392 --- [a5] [restartedMain] o.h.e.t.j.p.i.JtaPlatformInitiator       : HHH000489: No JTA platform available (set 'hibernate.transaction.jta.platform' to enable JTA platform integration)
2025-04-15T12:55:07.282-04:00  INFO 29392 --- [a5] [restartedMain] j.LocalContainerEntityManagerFactoryBean : Initialized JPA EntityManagerFactory for persistence unit 'default'
2025-04-15T12:55:08.742-04:00  INFO 29392 --- [a5] [restartedMain] o.s.d.j.r.query.QueryEnhancerFactory     : Hibernate is in classpath; If applicable, HQL parser will be used.
2025-04-15T12:55:10.076-04:00  WARN 29392 --- [a5] [restartedMain] JpaBaseConfiguration$JpaWebConfiguration : spring.jpa.open-in-view is enabled by default. Therefore, database queries may be performed during view rendering. Explicitly configure spring.jpa.open-in-view to disable this warning
2025-04-15T12:55:11.834-04:00  INFO 29392 --- [a5] [restartedMain] o.s.b.d.a.OptionalLiveReloadServer       : LiveReload server is running on port 35729
2025-04-15T12:55:11.854-04:00  INFO 29392 --- [a5] [restartedMain] o.s.b.a.e.web.EndpointLinksResolver      : Exposing 15 endpoint(s) beneath base path '/actuator'
2025-04-15T12:55:11.981-04:00  INFO 29392 --- [a5] [restartedMain] o.s.b.w.embedded.tomcat.TomcatWebServer  : Tomcat started on port 8080 (http) with context path ''
2025-04-15T12:55:11.999-04:00  INFO 29392 --- [a5] [restartedMain] com.a5.A5Application                     : Started A5Application in 13.281 seconds (process running for 14.281)
2025-04-15T12:55:19.172-04:00  INFO 29392 --- [a5] [http-nio-8080-exec-1] o.a.c.c.C.[Tomcat].[localhost].[/]       : Initializing Spring DispatcherServlet 'dispatcherServlet'
2025-04-15T12:55:19.174-04:00  INFO 29392 --- [a5] [http-nio-8080-exec-1] o.s.web.servlet.DispatcherServlet        : Initializing Servlet 'dispatcherServlet'
2025-04-15T12:55:19.178-04:00  INFO 29392 --- [a5] [http-nio-8080-exec-1] o.s.web.servlet.DispatcherServlet        : Completed initialization in 2 ms
2025-04-15T12:55:19.287-04:00  INFO 29392 --- [a5] [http-nio-8080-exec-1] com.a5.aspect.LoggingAspect              : Entering method home of class HomeController
2025-04-15T12:55:19.290-04:00 DEBUG 29392 --- [a5] [http-nio-8080-exec-1] com.a5.aspect.LoggingAspect              : Entering service method getAllStudents of class StudentService
2025-04-15T12:55:19.469-04:00 DEBUG 29392 --- [a5] [http-nio-8080-exec-1] com.a5.aspect.LoggingAspect              : Exiting service method getAllStudents of class StudentService
2025-04-15T12:55:19.471-04:00 DEBUG 29392 --- [a5] [http-nio-8080-exec-1] com.a5.aspect.LoggingAspect              : Entering service method getAllCourses of class CourseService
2025-04-15T12:55:19.481-04:00 DEBUG 29392 --- [a5] [http-nio-8080-exec-1] com.a5.aspect.LoggingAspect              : Exiting service method getAllCourses of class CourseService
2025-04-15T12:55:19.482-04:00 DEBUG 29392 --- [a5] [http-nio-8080-exec-1] com.a5.aspect.LoggingAspect              : Entering service method getAllStudents of class StudentService
2025-04-15T12:55:19.494-04:00 DEBUG 29392 --- [a5] [http-nio-8080-exec-1] com.a5.aspect.LoggingAspect              : Exiting service method getAllStudents of class StudentService
2025-04-15T12:55:19.494-04:00  INFO 29392 --- [a5] [http-nio-8080-exec-1] com.a5.aspect.LoggingAspect              : Exiting method home of class HomeController with result: home
2025-04-15T12:56:10.173-04:00  INFO 29392 --- [a5] [http-nio-8080-exec-3] com.a5.aspect.LoggingAspect              : Entering method showCreateForm of class StudentController
2025-04-15T12:56:10.174-04:00  INFO 29392 --- [a5] [http-nio-8080-exec-3] com.a5.aspect.LoggingAspect              : Exiting method showCreateForm of class StudentController with result: students/form
2025-04-15T12:56:20.001-04:00  INFO 29392 --- [a5] [http-nio-8080-exec-7] com.a5.aspect.LoggingAspect              : Entering method createStudent of class StudentController
2025-04-15T12:56:20.002-04:00 DEBUG 29392 --- [a5] [http-nio-8080-exec-7] com.a5.aspect.LoggingAspect              : Entering service method existsByEmail of class StudentService
2025-04-15T12:56:20.043-04:00 DEBUG 29392 --- [a5] [http-nio-8080-exec-7] com.a5.aspect.LoggingAspect              : Exiting service method existsByEmail of class StudentService
2025-04-15T12:56:20.044-04:00 DEBUG 29392 --- [a5] [http-nio-8080-exec-7] com.a5.aspect.LoggingAspect              : Entering service method saveStudent of class StudentService
2025-04-15T12:56:20.120-04:00 DEBUG 29392 --- [a5] [http-nio-8080-exec-7] com.a5.aspect.LoggingAspect              : Exiting service method saveStudent of class StudentService
2025-04-15T12:56:20.146-04:00  INFO 29392 --- [a5] [http-nio-8080-exec-7] com.a5.aspect.LoggingAspect              : Exiting method createStudent of class StudentController with result: redirect:/students
2025-04-15T12:56:20.184-04:00  INFO 29392 --- [a5] [http-nio-8080-exec-5] com.a5.aspect.LoggingAspect              : Entering method listStudents of class StudentController
2025-04-15T12:56:20.186-04:00 DEBUG 29392 --- [a5] [http-nio-8080-exec-5] com.a5.aspect.LoggingAspect              : Entering service method getStudentsPage of class StudentService
2025-04-15T12:56:20.219-04:00 DEBUG 29392 --- [a5] [http-nio-8080-exec-5] com.a5.aspect.LoggingAspect              : Exiting service method getStudentsPage of class StudentService
2025-04-15T12:56:20.221-04:00  INFO 29392 --- [a5] [http-nio-8080-exec-5] com.a5.aspect.LoggingAspect              : Exiting method listStudents of class StudentController with result: students/list
2025-04-15T12:56:24.336-04:00  INFO 29392 --- [a5] [http-nio-8080-exec-1] com.a5.aspect.LoggingAspect              : Entering method listStudents of class StudentController
2025-04-15T12:56:24.337-04:00 DEBUG 29392 --- [a5] [http-nio-8080-exec-1] com.a5.aspect.LoggingAspect              : Entering service method getStudentsPage of class StudentService
2025-04-15T12:56:24.344-04:00 DEBUG 29392 --- [a5] [http-nio-8080-exec-1] com.a5.aspect.LoggingAspect              : Exiting service method getStudentsPage of class StudentService
2025-04-15T12:56:24.347-04:00  INFO 29392 --- [a5] [http-nio-8080-exec-1] com.a5.aspect.LoggingAspect              : Exiting method listStudents of class StudentController with result: students/list
2025-04-15T12:56:26.087-04:00  INFO 29392 --- [a5] [http-nio-8080-exec-4] com.a5.aspect.LoggingAspect              : Entering method showCreateForm of class StudentController
2025-04-15T12:56:26.087-04:00  INFO 29392 --- [a5] [http-nio-8080-exec-4] com.a5.aspect.LoggingAspect              : Exiting method showCreateForm of class StudentController with result: students/form
2025-04-15T12:56:34.827-04:00  INFO 29392 --- [a5] [http-nio-8080-exec-8] com.a5.aspect.LoggingAspect              : Entering method createStudent of class StudentController
2025-04-15T12:56:34.829-04:00 DEBUG 29392 --- [a5] [http-nio-8080-exec-8] com.a5.aspect.LoggingAspect              : Entering service method existsByEmail of class StudentService
2025-04-15T12:56:34.834-04:00 DEBUG 29392 --- [a5] [http-nio-8080-exec-8] com.a5.aspect.LoggingAspect              : Exiting service method existsByEmail of class StudentService
2025-04-15T12:56:34.835-04:00 DEBUG 29392 --- [a5] [http-nio-8080-exec-8] com.a5.aspect.LoggingAspect              : Entering service method saveStudent of class StudentService
2025-04-15T12:56:34.840-04:00 DEBUG 29392 --- [a5] [http-nio-8080-exec-8] com.a5.aspect.LoggingAspect              : Exiting service method saveStudent of class StudentService
2025-04-15T12:56:34.853-04:00  INFO 29392 --- [a5] [http-nio-8080-exec-8] com.a5.aspect.LoggingAspect              : Exiting method createStudent of class StudentController with result: redirect:/students
2025-04-15T12:56:34.865-04:00  INFO 29392 --- [a5] [http-nio-8080-exec-6] com.a5.aspect.LoggingAspect              : Entering method listStudents of class StudentController
2025-04-15T12:56:34.866-04:00 DEBUG 29392 --- [a5] [http-nio-8080-exec-6] com.a5.aspect.LoggingAspect              : Entering service method getStudentsPage of class StudentService
2025-04-15T12:56:34.875-04:00 DEBUG 29392 --- [a5] [http-nio-8080-exec-6] com.a5.aspect.LoggingAspect              : Exiting service method getStudentsPage of class StudentService
2025-04-15T12:56:34.880-04:00  INFO 29392 --- [a5] [http-nio-8080-exec-6] com.a5.aspect.LoggingAspect              : Exiting method listStudents of class StudentController with result: students/list
2025-04-15T12:57:52.324-04:00  INFO 29392 --- [a5] [http-nio-8080-exec-9] com.a5.aspect.LoggingAspect              : Entering method showCreateForm of class StudentController
2025-04-15T12:57:52.325-04:00  INFO 29392 --- [a5] [http-nio-8080-exec-9] com.a5.aspect.LoggingAspect              : Exiting method showCreateForm of class StudentController with result: students/form
2025-04-15T13:01:43.484-04:00  INFO 29392 --- [a5] [File Watcher] rtingClassPathChangeChangedEventListener : Restarting due to 1 class path change (0 additions, 0 deletions, 1 modification)
2025-04-15T13:01:43.524-04:00  INFO 29392 --- [a5] [Thread-5] j.LocalContainerEntityManagerFactoryBean : Closing JPA EntityManagerFactory for persistence unit 'default'
2025-04-15T13:01:43.532-04:00  INFO 29392 --- [a5] [Thread-5] com.zaxxer.hikari.HikariDataSource       : HikariPool-1 - Shutdown initiated...
2025-04-15T13:01:43.561-04:00  INFO 29392 --- [a5] [Thread-5] com.zaxxer.hikari.HikariDataSource       : HikariPool-1 - Shutdown completed.
2025-04-15T13:01:43.794-04:00  INFO 29392 --- [a5] [restartedMain] com.a5.A5Application                     : Starting A5Application using Java 23.0.2 with PID 29392 (C:\Users\16478\Downloads\StudentCourseManagementSystem\target\classes started by 16478 in C:\Users\16478\Downloads\StudentCourseManagementSystem)
2025-04-15T13:01:43.796-04:00 DEBUG 29392 --- [a5] [restartedMain] com.a5.A5Application                     : Running with Spring Boot v3.2.3, Spring v6.1.4
2025-04-15T13:01:43.797-04:00  INFO 29392 --- [a5] [restartedMain] com.a5.A5Application                     : No active profile set, falling back to 1 default profile: "default"
2025-04-15T13:01:44.323-04:00  INFO 29392 --- [a5] [restartedMain] .s.d.r.c.RepositoryConfigurationDelegate : Bootstrapping Spring Data JPA repositories in DEFAULT mode.
2025-04-15T13:01:44.332-04:00  INFO 29392 --- [a5] [restartedMain] .s.d.r.c.RepositoryConfigurationDelegate : Finished Spring Data repository scanning in 8 ms. Found 3 JPA repository interfaces.
2025-04-15T13:01:44.701-04:00  INFO 29392 --- [a5] [restartedMain] o.s.b.w.embedded.tomcat.TomcatWebServer  : Tomcat initialized with port 8080 (http)
2025-04-15T13:01:44.704-04:00  INFO 29392 --- [a5] [restartedMain] o.apache.catalina.core.StandardService   : Starting service [Tomcat]
2025-04-15T13:01:44.704-04:00  INFO 29392 --- [a5] [restartedMain] o.apache.catalina.core.StandardEngine    : Starting Servlet engine: [Apache Tomcat/10.1.19]
2025-04-15T13:01:44.717-04:00  INFO 29392 --- [a5] [restartedMain] o.a.c.c.C.[Tomcat].[localhost].[/]       : Initializing Spring embedded WebApplicationContext
2025-04-15T13:01:44.717-04:00  INFO 29392 --- [a5] [restartedMain] w.s.c.ServletWebServerApplicationContext : Root WebApplicationContext: initialization completed in 901 ms
2025-04-15T13:01:44.922-04:00  INFO 29392 --- [a5] [restartedMain] o.hibernate.jpa.internal.util.LogHelper  : HHH000204: Processing PersistenceUnitInfo [name: default]
2025-04-15T13:01:44.925-04:00  INFO 29392 --- [a5] [restartedMain] o.h.c.internal.RegionFactoryInitiator    : HHH000026: Second-level cache disabled
2025-04-15T13:01:44.931-04:00  INFO 29392 --- [a5] [restartedMain] o.s.o.j.p.SpringPersistenceUnitInfo      : No LoadTimeWeaver setup: ignoring JPA class transformer
2025-04-15T13:01:44.932-04:00  INFO 29392 --- [a5] [restartedMain] com.zaxxer.hikari.HikariDataSource       : HikariPool-2 - Starting...
2025-04-15T13:01:44.962-04:00  INFO 29392 --- [a5] [restartedMain] com.zaxxer.hikari.pool.HikariPool        : HikariPool-2 - Added connection com.mysql.cj.jdbc.ConnectionImpl@5b3b0a8f
2025-04-15T13:01:44.962-04:00  INFO 29392 --- [a5] [restartedMain] com.zaxxer.hikari.HikariDataSource       : HikariPool-2 - Start completed.
2025-04-15T13:01:44.964-04:00  WARN 29392 --- [a5] [restartedMain] org.hibernate.orm.deprecation            : HHH90000025: MySQLDialect does not need to be specified explicitly using 'hibernate.dialect' (remove the property setting and it will be selected by default)
2025-04-15T13:01:45.059-04:00  INFO 29392 --- [a5] [restartedMain] o.h.e.t.j.p.i.JtaPlatformInitiator       : HHH000489: No JTA platform available (set 'hibernate.transaction.jta.platform' to enable JTA platform integration)
2025-04-15T13:01:45.113-04:00  INFO 29392 --- [a5] [restartedMain] j.LocalContainerEntityManagerFactoryBean : Initialized JPA EntityManagerFactory for persistence unit 'default'
2025-04-15T13:01:45.707-04:00  WARN 29392 --- [a5] [restartedMain] JpaBaseConfiguration$JpaWebConfiguration : spring.jpa.open-in-view is enabled by default. Therefore, database queries may be performed during view rendering. Explicitly configure spring.jpa.open-in-view to disable this warning
2025-04-15T13:01:46.473-04:00  INFO 29392 --- [a5] [restartedMain] o.s.b.d.a.OptionalLiveReloadServer       : LiveReload server is running on port 35729
2025-04-15T13:01:46.489-04:00  INFO 29392 --- [a5] [restartedMain] o.s.b.a.e.web.EndpointLinksResolver      : Exposing 15 endpoint(s) beneath base path '/actuator'
2025-04-15T13:01:46.543-04:00  INFO 29392 --- [a5] [restartedMain] o.s.b.w.embedded.tomcat.TomcatWebServer  : Tomcat started on port 8080 (http) with context path ''
2025-04-15T13:01:46.549-04:00  INFO 29392 --- [a5] [restartedMain] com.a5.A5Application                     : Started A5Application in 2.839 seconds (process running for 408.831)
2025-04-15T13:01:46.556-04:00  INFO 29392 --- [a5] [restartedMain] .ConditionEvaluationDeltaLoggingListener : Condition evaluation unchanged
2025-04-15T13:02:31.056-04:00  INFO 29392 --- [a5] [http-nio-8080-exec-2] o.a.c.c.C.[Tomcat].[localhost].[/]       : Initializing Spring DispatcherServlet 'dispatcherServlet'
2025-04-15T13:02:31.056-04:00  INFO 29392 --- [a5] [http-nio-8080-exec-2] o.s.web.servlet.DispatcherServlet        : Initializing Servlet 'dispatcherServlet'
2025-04-15T13:02:31.059-04:00  INFO 29392 --- [a5] [http-nio-8080-exec-2] o.s.web.servlet.DispatcherServlet        : Completed initialization in 3 ms
2025-04-15T13:02:31.078-04:00  INFO 29392 --- [a5] [http-nio-8080-exec-2] com.a5.aspect.LoggingAspect              : Entering method createStudent of class StudentController
2025-04-15T13:02:31.079-04:00 DEBUG 29392 --- [a5] [http-nio-8080-exec-2] com.a5.aspect.LoggingAspect              : Entering service method existsByEmail of class StudentService
2025-04-15T13:02:31.083-04:00 DEBUG 29392 --- [a5] [http-nio-8080-exec-2] com.a5.aspect.LoggingAspect              : Exiting service method existsByEmail of class StudentService
2025-04-15T13:02:31.085-04:00 DEBUG 29392 --- [a5] [http-nio-8080-exec-2] com.a5.aspect.LoggingAspect              : Entering service method saveStudent of class StudentService
2025-04-15T13:02:31.094-04:00 DEBUG 29392 --- [a5] [http-nio-8080-exec-2] com.a5.aspect.LoggingAspect              : Exiting service method saveStudent of class StudentService
2025-04-15T13:02:31.098-04:00  INFO 29392 --- [a5] [http-nio-8080-exec-2] com.a5.aspect.LoggingAspect              : Exiting method createStudent of class StudentController with result: redirect:/students
2025-04-15T13:02:31.133-04:00  INFO 29392 --- [a5] [http-nio-8080-exec-3] com.a5.aspect.LoggingAspect              : Entering method listStudents of class StudentController
2025-04-15T13:02:31.134-04:00 DEBUG 29392 --- [a5] [http-nio-8080-exec-3] com.a5.aspect.LoggingAspect              : Entering service method getStudentsPage of class StudentService
2025-04-15T13:02:31.146-04:00 DEBUG 29392 --- [a5] [http-nio-8080-exec-3] com.a5.aspect.LoggingAspect              : Exiting service method getStudentsPage of class StudentService
2025-04-15T13:02:31.147-04:00  INFO 29392 --- [a5] [http-nio-8080-exec-3] com.a5.aspect.LoggingAspect              : Exiting method listStudents of class StudentController with result: students/list
2025-04-15T13:05:26.823-04:00  INFO 29392 --- [a5] [File Watcher] rtingClassPathChangeChangedEventListener : Restarting due to 1 class path change (0 additions, 0 deletions, 1 modification)
2025-04-15T13:05:26.834-04:00  INFO 29392 --- [a5] [Thread-7] j.LocalContainerEntityManagerFactoryBean : Closing JPA EntityManagerFactory for persistence unit 'default'
2025-04-15T13:05:26.836-04:00  INFO 29392 --- [a5] [Thread-7] com.zaxxer.hikari.HikariDataSource       : HikariPool-2 - Shutdown initiated...
2025-04-15T13:05:26.848-04:00  INFO 29392 --- [a5] [Thread-7] com.zaxxer.hikari.HikariDataSource       : HikariPool-2 - Shutdown completed.
2025-04-15T13:05:26.961-04:00  INFO 29392 --- [a5] [restartedMain] com.a5.A5Application                     : Starting A5Application using Java 23.0.2 with PID 29392 (C:\Users\16478\Downloads\StudentCourseManagementSystem\target\classes started by 16478 in C:\Users\16478\Downloads\StudentCourseManagementSystem)
2025-04-15T13:05:26.965-04:00 DEBUG 29392 --- [a5] [restartedMain] com.a5.A5Application                     : Running with Spring Boot v3.2.3, Spring v6.1.4
2025-04-15T13:05:26.966-04:00  INFO 29392 --- [a5] [restartedMain] com.a5.A5Application                     : No active profile set, falling back to 1 default profile: "default"
2025-04-15T13:05:27.119-04:00  INFO 29392 --- [a5] [restartedMain] .s.d.r.c.RepositoryConfigurationDelegate : Bootstrapping Spring Data JPA repositories in DEFAULT mode.
2025-04-15T13:05:27.131-04:00  INFO 29392 --- [a5] [restartedMain] .s.d.r.c.RepositoryConfigurationDelegate : Finished Spring Data repository scanning in 10 ms. Found 3 JPA repository interfaces.
2025-04-15T13:05:27.481-04:00  INFO 29392 --- [a5] [restartedMain] o.s.b.w.embedded.tomcat.TomcatWebServer  : Tomcat initialized with port 8080 (http)
2025-04-15T13:05:27.482-04:00  INFO 29392 --- [a5] [restartedMain] o.apache.catalina.core.StandardService   : Starting service [Tomcat]
2025-04-15T13:05:27.483-04:00  INFO 29392 --- [a5] [restartedMain] o.apache.catalina.core.StandardEngine    : Starting Servlet engine: [Apache Tomcat/10.1.19]
2025-04-15T13:05:27.500-04:00  INFO 29392 --- [a5] [restartedMain] o.a.c.c.C.[Tomcat].[localhost].[/]       : Initializing Spring embedded WebApplicationContext
2025-04-15T13:05:27.500-04:00  INFO 29392 --- [a5] [restartedMain] w.s.c.ServletWebServerApplicationContext : Root WebApplicationContext: initialization completed in 530 ms
2025-04-15T13:05:27.711-04:00  INFO 29392 --- [a5] [restartedMain] o.hibernate.jpa.internal.util.LogHelper  : HHH000204: Processing PersistenceUnitInfo [name: default]
2025-04-15T13:05:27.713-04:00  INFO 29392 --- [a5] [restartedMain] o.h.c.internal.RegionFactoryInitiator    : HHH000026: Second-level cache disabled
2025-04-15T13:05:27.718-04:00  INFO 29392 --- [a5] [restartedMain] o.s.o.j.p.SpringPersistenceUnitInfo      : No LoadTimeWeaver setup: ignoring JPA class transformer
2025-04-15T13:05:27.719-04:00  INFO 29392 --- [a5] [restartedMain] com.zaxxer.hikari.HikariDataSource       : HikariPool-3 - Starting...
2025-04-15T13:05:27.740-04:00  INFO 29392 --- [a5] [restartedMain] com.zaxxer.hikari.pool.HikariPool        : HikariPool-3 - Added connection com.mysql.cj.jdbc.ConnectionImpl@36c921d2
2025-04-15T13:05:27.740-04:00  INFO 29392 --- [a5] [restartedMain] com.zaxxer.hikari.HikariDataSource       : HikariPool-3 - Start completed.
2025-04-15T13:05:27.741-04:00  WARN 29392 --- [a5] [restartedMain] org.hibernate.orm.deprecation            : HHH90000025: MySQLDialect does not need to be specified explicitly using 'hibernate.dialect' (remove the property setting and it will be selected by default)
2025-04-15T13:05:27.806-04:00  INFO 29392 --- [a5] [restartedMain] o.h.e.t.j.p.i.JtaPlatformInitiator       : HHH000489: No JTA platform available (set 'hibernate.transaction.jta.platform' to enable JTA platform integration)
2025-04-15T13:05:27.836-04:00  INFO 29392 --- [a5] [restartedMain] j.LocalContainerEntityManagerFactoryBean : Initialized JPA EntityManagerFactory for persistence unit 'default'
2025-04-15T13:05:28.640-04:00  WARN 29392 --- [a5] [restartedMain] JpaBaseConfiguration$JpaWebConfiguration : spring.jpa.open-in-view is enabled by default. Therefore, database queries may be performed during view rendering. Explicitly configure spring.jpa.open-in-view to disable this warning
2025-04-15T13:05:29.785-04:00  INFO 29392 --- [a5] [restartedMain] o.s.b.d.a.OptionalLiveReloadServer       : LiveReload server is running on port 35729
2025-04-15T13:05:29.796-04:00  INFO 29392 --- [a5] [restartedMain] o.s.b.a.e.web.EndpointLinksResolver      : Exposing 15 endpoint(s) beneath base path '/actuator'
2025-04-15T13:05:29.838-04:00  INFO 29392 --- [a5] [restartedMain] o.s.b.w.embedded.tomcat.TomcatWebServer  : Tomcat started on port 8080 (http) with context path ''
2025-04-15T13:05:29.849-04:00  INFO 29392 --- [a5] [restartedMain] com.a5.A5Application                     : Started A5Application in 2.912 seconds (process running for 632.13)
2025-04-15T13:05:29.852-04:00  INFO 29392 --- [a5] [restartedMain] .ConditionEvaluationDeltaLoggingListener : Condition evaluation unchanged
2025-04-15T13:05:51.860-04:00  INFO 29392 --- [a5] [File Watcher] rtingClassPathChangeChangedEventListener : Restarting due to 1 class path change (0 additions, 0 deletions, 1 modification)
2025-04-15T13:05:51.867-04:00  INFO 29392 --- [a5] [Thread-11] j.LocalContainerEntityManagerFactoryBean : Closing JPA EntityManagerFactory for persistence unit 'default'
2025-04-15T13:05:51.869-04:00  INFO 29392 --- [a5] [Thread-11] com.zaxxer.hikari.HikariDataSource       : HikariPool-3 - Shutdown initiated...
2025-04-15T13:05:51.874-04:00  INFO 29392 --- [a5] [Thread-11] com.zaxxer.hikari.HikariDataSource       : HikariPool-3 - Shutdown completed.
2025-04-15T13:05:51.972-04:00  INFO 29392 --- [a5] [restartedMain] com.a5.A5Application                     : Starting A5Application using Java 23.0.2 with PID 29392 (C:\Users\16478\Downloads\StudentCourseManagementSystem\target\classes started by 16478 in C:\Users\16478\Downloads\StudentCourseManagementSystem)
2025-04-15T13:05:51.973-04:00 DEBUG 29392 --- [a5] [restartedMain] com.a5.A5Application                     : Running with Spring Boot v3.2.3, Spring v6.1.4
2025-04-15T13:05:51.974-04:00  INFO 29392 --- [a5] [restartedMain] com.a5.A5Application                     : No active profile set, falling back to 1 default profile: "default"
2025-04-15T13:05:52.210-04:00  INFO 29392 --- [a5] [restartedMain] .s.d.r.c.RepositoryConfigurationDelegate : Bootstrapping Spring Data JPA repositories in DEFAULT mode.
2025-04-15T13:05:52.222-04:00  INFO 29392 --- [a5] [restartedMain] .s.d.r.c.RepositoryConfigurationDelegate : Finished Spring Data repository scanning in 11 ms. Found 3 JPA repository interfaces.
2025-04-15T13:05:52.530-04:00  INFO 29392 --- [a5] [restartedMain] o.s.b.w.embedded.tomcat.TomcatWebServer  : Tomcat initialized with port 8080 (http)
2025-04-15T13:05:52.531-04:00  INFO 29392 --- [a5] [restartedMain] o.apache.catalina.core.StandardService   : Starting service [Tomcat]
2025-04-15T13:05:52.531-04:00  INFO 29392 --- [a5] [restartedMain] o.apache.catalina.core.StandardEngine    : Starting Servlet engine: [Apache Tomcat/10.1.19]
2025-04-15T13:05:52.545-04:00  INFO 29392 --- [a5] [restartedMain] o.a.c.c.C.[Tomcat].[localhost].[/]       : Initializing Spring embedded WebApplicationContext
2025-04-15T13:05:52.546-04:00  INFO 29392 --- [a5] [restartedMain] w.s.c.ServletWebServerApplicationContext : Root WebApplicationContext: initialization completed in 570 ms
2025-04-15T13:05:52.728-04:00  INFO 29392 --- [a5] [restartedMain] o.hibernate.jpa.internal.util.LogHelper  : HHH000204: Processing PersistenceUnitInfo [name: default]
2025-04-15T13:05:52.730-04:00  INFO 29392 --- [a5] [restartedMain] o.h.c.internal.RegionFactoryInitiator    : HHH000026: Second-level cache disabled
2025-04-15T13:05:52.733-04:00  INFO 29392 --- [a5] [restartedMain] o.s.o.j.p.SpringPersistenceUnitInfo      : No LoadTimeWeaver setup: ignoring JPA class transformer
2025-04-15T13:05:52.734-04:00  INFO 29392 --- [a5] [restartedMain] com.zaxxer.hikari.HikariDataSource       : HikariPool-4 - Starting...
2025-04-15T13:05:52.749-04:00  INFO 29392 --- [a5] [restartedMain] com.zaxxer.hikari.pool.HikariPool        : HikariPool-4 - Added connection com.mysql.cj.jdbc.ConnectionImpl@7b329028
2025-04-15T13:05:52.749-04:00  INFO 29392 --- [a5] [restartedMain] com.zaxxer.hikari.HikariDataSource       : HikariPool-4 - Start completed.
2025-04-15T13:05:52.749-04:00  WARN 29392 --- [a5] [restartedMain] org.hibernate.orm.deprecation            : HHH90000025: MySQLDialect does not need to be specified explicitly using 'hibernate.dialect' (remove the property setting and it will be selected by default)
2025-04-15T13:05:52.806-04:00  INFO 29392 --- [a5] [restartedMain] o.h.e.t.j.p.i.JtaPlatformInitiator       : HHH000489: No JTA platform available (set 'hibernate.transaction.jta.platform' to enable JTA platform integration)
2025-04-15T13:05:52.827-04:00  INFO 29392 --- [a5] [restartedMain] j.LocalContainerEntityManagerFactoryBean : Initialized JPA EntityManagerFactory for persistence unit 'default'
2025-04-15T13:05:53.490-04:00  WARN 29392 --- [a5] [restartedMain] JpaBaseConfiguration$JpaWebConfiguration : spring.jpa.open-in-view is enabled by default. Therefore, database queries may be performed during view rendering. Explicitly configure spring.jpa.open-in-view to disable this warning
2025-04-15T13:05:54.260-04:00  INFO 29392 --- [a5] [restartedMain] o.s.b.d.a.OptionalLiveReloadServer       : LiveReload server is running on port 35729
2025-04-15T13:05:54.270-04:00  INFO 29392 --- [a5] [restartedMain] o.s.b.a.e.web.EndpointLinksResolver      : Exposing 15 endpoint(s) beneath base path '/actuator'
2025-04-15T13:05:54.311-04:00  INFO 29392 --- [a5] [restartedMain] o.s.b.w.embedded.tomcat.TomcatWebServer  : Tomcat started on port 8080 (http) with context path ''
2025-04-15T13:05:54.315-04:00  INFO 29392 --- [a5] [restartedMain] com.a5.A5Application                     : Started A5Application in 2.377 seconds (process running for 656.597)
2025-04-15T13:05:54.318-04:00  INFO 29392 --- [a5] [restartedMain] .ConditionEvaluationDeltaLoggingListener : Condition evaluation unchanged
2025-04-15T13:06:06.376-04:00  INFO 29392 --- [a5] [http-nio-8080-exec-1] o.a.c.c.C.[Tomcat].[localhost].[/]       : Initializing Spring DispatcherServlet 'dispatcherServlet'
2025-04-15T13:06:06.377-04:00  INFO 29392 --- [a5] [http-nio-8080-exec-1] o.s.web.servlet.DispatcherServlet        : Initializing Servlet 'dispatcherServlet'
2025-04-15T13:06:06.380-04:00  INFO 29392 --- [a5] [http-nio-8080-exec-1] o.s.web.servlet.DispatcherServlet        : Completed initialization in 3 ms
2025-04-15T13:06:06.386-04:00  INFO 29392 --- [a5] [http-nio-8080-exec-1] com.a5.aspect.LoggingAspect              : Entering method listStudents of class StudentController
2025-04-15T13:06:06.389-04:00 DEBUG 29392 --- [a5] [http-nio-8080-exec-1] com.a5.aspect.LoggingAspect              : Entering service method getStudentsPage of class StudentService
2025-04-15T13:06:06.400-04:00 DEBUG 29392 --- [a5] [http-nio-8080-exec-1] com.a5.aspect.LoggingAspect              : Exiting service method getStudentsPage of class StudentService
2025-04-15T13:06:06.401-04:00  INFO 29392 --- [a5] [http-nio-8080-exec-1] com.a5.aspect.LoggingAspect              : Exiting method listStudents of class StudentController with result: students/list
2025-04-15T13:07:23.308-04:00  INFO 29392 --- [a5] [http-nio-8080-exec-4] com.a5.aspect.LoggingAspect              : Entering method showCreateForm of class StudentController
2025-04-15T13:07:23.319-04:00  INFO 29392 --- [a5] [http-nio-8080-exec-4] com.a5.aspect.LoggingAspect              : Exiting method showCreateForm of class StudentController with result: students/form
2025-04-15T13:07:36.776-04:00  INFO 29392 --- [a5] [http-nio-8080-exec-7] com.a5.aspect.LoggingAspect              : Entering method showEditForm of class StudentController
2025-04-15T13:07:36.778-04:00 DEBUG 29392 --- [a5] [http-nio-8080-exec-7] com.a5.aspect.LoggingAspect              : Entering service method getStudentById of class StudentService
2025-04-15T13:07:36.805-04:00 DEBUG 29392 --- [a5] [http-nio-8080-exec-7] com.a5.aspect.LoggingAspect              : Exiting service method getStudentById of class StudentService
2025-04-15T13:07:36.814-04:00 ERROR 29392 --- [a5] [http-nio-8080-exec-7] com.a5.aspect.LoggingAspect              : Exception in method showEditForm of class StudentController: Invalid student Id:999
2025-04-15T13:07:36.827-04:00  WARN 29392 --- [a5] [http-nio-8080-exec-7] .m.m.a.ExceptionHandlerExceptionResolver : Resolved [java.lang.IllegalArgumentException: Invalid student Id:999]
2025-04-15T13:09:26.605-04:00  INFO 29392 --- [a5] [http-nio-8080-exec-2] com.a5.aspect.LoggingAspect              : Entering method createStudent of class StudentController
2025-04-15T13:09:26.606-04:00 DEBUG 29392 --- [a5] [http-nio-8080-exec-2] com.a5.aspect.LoggingAspect              : Entering service method existsByEmail of class StudentService
2025-04-15T13:09:26.610-04:00 DEBUG 29392 --- [a5] [http-nio-8080-exec-2] com.a5.aspect.LoggingAspect              : Exiting service method existsByEmail of class StudentService
2025-04-15T13:09:26.612-04:00 DEBUG 29392 --- [a5] [http-nio-8080-exec-2] com.a5.aspect.LoggingAspect              : Entering service method saveStudent of class StudentService
2025-04-15T13:09:26.620-04:00 DEBUG 29392 --- [a5] [http-nio-8080-exec-2] com.a5.aspect.LoggingAspect              : Exiting service method saveStudent of class StudentService
2025-04-15T13:09:26.625-04:00  INFO 29392 --- [a5] [http-nio-8080-exec-2] com.a5.aspect.LoggingAspect              : Exiting method createStudent of class StudentController with result: redirect:/students
2025-04-15T13:09:26.668-04:00  INFO 29392 --- [a5] [http-nio-8080-exec-4] com.a5.aspect.LoggingAspect              : Entering method listStudents of class StudentController
2025-04-15T13:09:26.669-04:00 DEBUG 29392 --- [a5] [http-nio-8080-exec-4] com.a5.aspect.LoggingAspect              : Entering service method getStudentsPage of class StudentService
2025-04-15T13:09:26.678-04:00 DEBUG 29392 --- [a5] [http-nio-8080-exec-4] com.a5.aspect.LoggingAspect              : Exiting service method getStudentsPage of class StudentService
2025-04-15T13:09:26.680-04:00  INFO 29392 --- [a5] [http-nio-8080-exec-4] com.a5.aspect.LoggingAspect              : Exiting method listStudents of class StudentController with result: students/list
2025-04-15T13:09:28.623-04:00  INFO 29392 --- [a5] [http-nio-8080-exec-5] com.a5.aspect.LoggingAspect              : Entering method showCreateForm of class StudentController
2025-04-15T13:09:28.623-04:00  INFO 29392 --- [a5] [http-nio-8080-exec-5] com.a5.aspect.LoggingAspect              : Exiting method showCreateForm of class StudentController with result: students/form
2025-04-15T13:09:41.583-04:00  INFO 29392 --- [a5] [http-nio-8080-exec-8] com.a5.aspect.LoggingAspect              : Entering method createStudent of class StudentController
2025-04-15T13:09:41.584-04:00 DEBUG 29392 --- [a5] [http-nio-8080-exec-8] com.a5.aspect.LoggingAspect              : Entering service method existsByEmail of class StudentService
2025-04-15T13:09:41.587-04:00 DEBUG 29392 --- [a5] [http-nio-8080-exec-8] com.a5.aspect.LoggingAspect              : Exiting service method existsByEmail of class StudentService
2025-04-15T13:09:41.588-04:00 DEBUG 29392 --- [a5] [http-nio-8080-exec-8] com.a5.aspect.LoggingAspect              : Entering service method saveStudent of class StudentService
2025-04-15T13:09:41.592-04:00 DEBUG 29392 --- [a5] [http-nio-8080-exec-8] com.a5.aspect.LoggingAspect              : Exiting service method saveStudent of class StudentService
2025-04-15T13:09:41.597-04:00  INFO 29392 --- [a5] [http-nio-8080-exec-8] com.a5.aspect.LoggingAspect              : Exiting method createStudent of class StudentController with result: redirect:/students
2025-04-15T13:09:41.604-04:00  INFO 29392 --- [a5] [http-nio-8080-exec-9] com.a5.aspect.LoggingAspect              : Entering method listStudents of class StudentController
2025-04-15T13:09:41.606-04:00 DEBUG 29392 --- [a5] [http-nio-8080-exec-9] com.a5.aspect.LoggingAspect              : Entering service method getStudentsPage of class StudentService
2025-04-15T13:09:41.631-04:00 DEBUG 29392 --- [a5] [http-nio-8080-exec-9] com.a5.aspect.LoggingAspect              : Exiting service method getStudentsPage of class StudentService
2025-04-15T13:09:41.632-04:00  INFO 29392 --- [a5] [http-nio-8080-exec-9] com.a5.aspect.LoggingAspect              : Exiting method listStudents of class StudentController with result: students/list
2025-04-15T13:09:43.351-04:00  INFO 29392 --- [a5] [http-nio-8080-exec-1] com.a5.aspect.LoggingAspect              : Entering method showCreateForm of class StudentController
2025-04-15T13:09:43.351-04:00  INFO 29392 --- [a5] [http-nio-8080-exec-1] com.a5.aspect.LoggingAspect              : Exiting method showCreateForm of class StudentController with result: students/form
2025-04-15T13:09:54.934-04:00  INFO 29392 --- [a5] [http-nio-8080-exec-10] com.a5.aspect.LoggingAspect              : Entering method createStudent of class StudentController
2025-04-15T13:09:54.935-04:00 DEBUG 29392 --- [a5] [http-nio-8080-exec-10] com.a5.aspect.LoggingAspect              : Entering service method existsByEmail of class StudentService
2025-04-15T13:09:54.939-04:00 DEBUG 29392 --- [a5] [http-nio-8080-exec-10] com.a5.aspect.LoggingAspect              : Exiting service method existsByEmail of class StudentService
2025-04-15T13:09:54.940-04:00 DEBUG 29392 --- [a5] [http-nio-8080-exec-10] com.a5.aspect.LoggingAspect              : Entering service method saveStudent of class StudentService
2025-04-15T13:09:54.944-04:00 DEBUG 29392 --- [a5] [http-nio-8080-exec-10] com.a5.aspect.LoggingAspect              : Exiting service method saveStudent of class StudentService
2025-04-15T13:09:54.947-04:00  INFO 29392 --- [a5] [http-nio-8080-exec-10] com.a5.aspect.LoggingAspect              : Exiting method createStudent of class StudentController with result: redirect:/students
2025-04-15T13:09:54.956-04:00  INFO 29392 --- [a5] [http-nio-8080-exec-3] com.a5.aspect.LoggingAspect              : Entering method listStudents of class StudentController
2025-04-15T13:09:54.957-04:00 DEBUG 29392 --- [a5] [http-nio-8080-exec-3] com.a5.aspect.LoggingAspect              : Entering service method getStudentsPage of class StudentService
2025-04-15T13:09:54.969-04:00 DEBUG 29392 --- [a5] [http-nio-8080-exec-3] com.a5.aspect.LoggingAspect              : Exiting service method getStudentsPage of class StudentService
2025-04-15T13:09:54.971-04:00  INFO 29392 --- [a5] [http-nio-8080-exec-3] com.a5.aspect.LoggingAspect              : Exiting method listStudents of class StudentController with result: students/list
2025-04-15T13:10:08.865-04:00  INFO 29392 --- [a5] [http-nio-8080-exec-2] com.a5.aspect.LoggingAspect              : Entering method listStudents of class StudentController
2025-04-15T13:10:08.875-04:00 DEBUG 29392 --- [a5] [http-nio-8080-exec-2] com.a5.aspect.LoggingAspect              : Entering service method getStudentsPage of class StudentService
2025-04-15T13:10:08.904-04:00 DEBUG 29392 --- [a5] [http-nio-8080-exec-2] com.a5.aspect.LoggingAspect              : Exiting service method getStudentsPage of class StudentService
2025-04-15T13:10:08.906-04:00  INFO 29392 --- [a5] [http-nio-8080-exec-2] com.a5.aspect.LoggingAspect              : Exiting method listStudents of class StudentController with result: students/list
2025-04-15T13:10:15.063-04:00  INFO 29392 --- [a5] [http-nio-8080-exec-4] com.a5.aspect.LoggingAspect              : Entering method listStudents of class StudentController
2025-04-15T13:10:15.066-04:00 DEBUG 29392 --- [a5] [http-nio-8080-exec-4] com.a5.aspect.LoggingAspect              : Entering service method getStudentsPage of class StudentService
2025-04-15T13:10:15.076-04:00 DEBUG 29392 --- [a5] [http-nio-8080-exec-4] com.a5.aspect.LoggingAspect              : Exiting service method getStudentsPage of class StudentService
2025-04-15T13:10:15.077-04:00  INFO 29392 --- [a5] [http-nio-8080-exec-4] com.a5.aspect.LoggingAspect              : Exiting method listStudents of class StudentController with result: students/list
2025-04-15T13:10:18.532-04:00  INFO 29392 --- [a5] [http-nio-8080-exec-5] com.a5.aspect.LoggingAspect              : Entering method listStudents of class StudentController
2025-04-15T13:10:18.533-04:00 DEBUG 29392 --- [a5] [http-nio-8080-exec-5] com.a5.aspect.LoggingAspect              : Entering service method getStudentsPage of class StudentService
2025-04-15T13:10:18.553-04:00 DEBUG 29392 --- [a5] [http-nio-8080-exec-5] com.a5.aspect.LoggingAspect              : Exiting service method getStudentsPage of class StudentService
2025-04-15T13:10:18.554-04:00  INFO 29392 --- [a5] [http-nio-8080-exec-5] com.a5.aspect.LoggingAspect              : Exiting method listStudents of class StudentController with result: students/list
2025-04-15T13:10:20.540-04:00  INFO 29392 --- [a5] [http-nio-8080-exec-7] com.a5.aspect.LoggingAspect              : Entering method listStudents of class StudentController
2025-04-15T13:10:20.541-04:00 DEBUG 29392 --- [a5] [http-nio-8080-exec-7] com.a5.aspect.LoggingAspect              : Entering service method getStudentsPage of class StudentService
2025-04-15T13:10:20.552-04:00 DEBUG 29392 --- [a5] [http-nio-8080-exec-7] com.a5.aspect.LoggingAspect              : Exiting service method getStudentsPage of class StudentService
2025-04-15T13:10:20.553-04:00  INFO 29392 --- [a5] [http-nio-8080-exec-7] com.a5.aspect.LoggingAspect              : Exiting method listStudents of class StudentController with result: students/list
2025-04-15T13:10:22.281-04:00  INFO 29392 --- [a5] [http-nio-8080-exec-6] com.a5.aspect.LoggingAspect              : Entering method listStudents of class StudentController
2025-04-15T13:10:22.282-04:00 DEBUG 29392 --- [a5] [http-nio-8080-exec-6] com.a5.aspect.LoggingAspect              : Entering service method getStudentsPage of class StudentService
2025-04-15T13:10:22.302-04:00 DEBUG 29392 --- [a5] [http-nio-8080-exec-6] com.a5.aspect.LoggingAspect              : Exiting service method getStudentsPage of class StudentService
2025-04-15T13:10:22.303-04:00  INFO 29392 --- [a5] [http-nio-8080-exec-6] com.a5.aspect.LoggingAspect              : Exiting method listStudents of class StudentController with result: students/list
2025-04-15T13:11:09.368-04:00  INFO 29392 --- [a5] [http-nio-8080-exec-10] com.a5.aspect.LoggingAspect              : Entering method listCourses of class CourseController
2025-04-15T13:11:09.371-04:00 DEBUG 29392 --- [a5] [http-nio-8080-exec-10] com.a5.aspect.LoggingAspect              : Entering service method getCoursesPage of class CourseService
2025-04-15T13:11:09.378-04:00 DEBUG 29392 --- [a5] [http-nio-8080-exec-10] com.a5.aspect.LoggingAspect              : Exiting service method getCoursesPage of class CourseService
2025-04-15T13:11:09.381-04:00  INFO 29392 --- [a5] [http-nio-8080-exec-10] com.a5.aspect.LoggingAspect              : Exiting method listCourses of class CourseController with result: courses/list
2025-04-15T13:11:11.563-04:00  INFO 29392 --- [a5] [http-nio-8080-exec-3] com.a5.aspect.LoggingAspect              : Entering method showCreateForm of class CourseController
2025-04-15T13:11:11.565-04:00  INFO 29392 --- [a5] [http-nio-8080-exec-3] com.a5.aspect.LoggingAspect              : Exiting method showCreateForm of class CourseController with result: courses/form
2025-04-15T13:11:14.312-04:00  INFO 29392 --- [a5] [http-nio-8080-exec-2] com.a5.aspect.LoggingAspect              : Entering method createCourse of class CourseController
2025-04-15T13:11:14.312-04:00 DEBUG 29392 --- [a5] [http-nio-8080-exec-2] com.a5.aspect.LoggingAspect              : Entering service method existsByName of class CourseService
2025-04-15T13:11:14.317-04:00 DEBUG 29392 --- [a5] [http-nio-8080-exec-2] com.a5.aspect.LoggingAspect              : Exiting service method existsByName of class CourseService
2025-04-15T13:11:14.318-04:00 DEBUG 29392 --- [a5] [http-nio-8080-exec-2] com.a5.aspect.LoggingAspect              : Entering service method saveCourse of class CourseService
2025-04-15T13:11:14.324-04:00 DEBUG 29392 --- [a5] [http-nio-8080-exec-2] com.a5.aspect.LoggingAspect              : Exiting service method saveCourse of class CourseService
2025-04-15T13:11:14.328-04:00  INFO 29392 --- [a5] [http-nio-8080-exec-2] com.a5.aspect.LoggingAspect              : Exiting method createCourse of class CourseController with result: redirect:/courses
2025-04-15T13:11:14.334-04:00  INFO 29392 --- [a5] [http-nio-8080-exec-4] com.a5.aspect.LoggingAspect              : Entering method listCourses of class CourseController
2025-04-15T13:11:14.336-04:00 DEBUG 29392 --- [a5] [http-nio-8080-exec-4] com.a5.aspect.LoggingAspect              : Entering service method getCoursesPage of class CourseService
2025-04-15T13:11:14.339-04:00 DEBUG 29392 --- [a5] [http-nio-8080-exec-4] com.a5.aspect.LoggingAspect              : Exiting service method getCoursesPage of class CourseService
2025-04-15T13:11:14.340-04:00  INFO 29392 --- [a5] [http-nio-8080-exec-4] com.a5.aspect.LoggingAspect              : Exiting method listCourses of class CourseController with result: courses/list
2025-04-15T13:11:16.229-04:00  INFO 29392 --- [a5] [http-nio-8080-exec-5] com.a5.aspect.LoggingAspect              : Entering method showCreateForm of class CourseController
2025-04-15T13:11:16.230-04:00  INFO 29392 --- [a5] [http-nio-8080-exec-5] com.a5.aspect.LoggingAspect              : Exiting method showCreateForm of class CourseController with result: courses/form
2025-04-15T13:11:19.903-04:00  INFO 29392 --- [a5] [http-nio-8080-exec-9] com.a5.aspect.LoggingAspect              : Entering method createCourse of class CourseController
2025-04-15T13:11:19.903-04:00 DEBUG 29392 --- [a5] [http-nio-8080-exec-9] com.a5.aspect.LoggingAspect              : Entering service method existsByName of class CourseService
2025-04-15T13:11:19.909-04:00 DEBUG 29392 --- [a5] [http-nio-8080-exec-9] com.a5.aspect.LoggingAspect              : Exiting service method existsByName of class CourseService
2025-04-15T13:11:19.910-04:00 DEBUG 29392 --- [a5] [http-nio-8080-exec-9] com.a5.aspect.LoggingAspect              : Entering service method saveCourse of class CourseService
2025-04-15T13:11:19.914-04:00 DEBUG 29392 --- [a5] [http-nio-8080-exec-9] com.a5.aspect.LoggingAspect              : Exiting service method saveCourse of class CourseService
2025-04-15T13:11:19.920-04:00  INFO 29392 --- [a5] [http-nio-8080-exec-9] com.a5.aspect.LoggingAspect              : Exiting method createCourse of class CourseController with result: redirect:/courses
2025-04-15T13:11:19.926-04:00  INFO 29392 --- [a5] [http-nio-8080-exec-8] com.a5.aspect.LoggingAspect              : Entering method listCourses of class CourseController
2025-04-15T13:11:19.928-04:00 DEBUG 29392 --- [a5] [http-nio-8080-exec-8] com.a5.aspect.LoggingAspect              : Entering service method getCoursesPage of class CourseService
2025-04-15T13:11:19.933-04:00 DEBUG 29392 --- [a5] [http-nio-8080-exec-8] com.a5.aspect.LoggingAspect              : Exiting service method getCoursesPage of class CourseService
2025-04-15T13:11:19.934-04:00  INFO 29392 --- [a5] [http-nio-8080-exec-8] com.a5.aspect.LoggingAspect              : Exiting method listCourses of class CourseController with result: courses/list
2025-04-15T13:11:21.469-04:00  INFO 29392 --- [a5] [http-nio-8080-exec-1] com.a5.aspect.LoggingAspect              : Entering method showCreateForm of class CourseController
2025-04-15T13:11:21.469-04:00  INFO 29392 --- [a5] [http-nio-8080-exec-1] com.a5.aspect.LoggingAspect              : Exiting method showCreateForm of class CourseController with result: courses/form
2025-04-15T13:11:25.882-04:00  INFO 29392 --- [a5] [http-nio-8080-exec-10] com.a5.aspect.LoggingAspect              : Entering method createCourse of class CourseController
2025-04-15T13:11:25.883-04:00 DEBUG 29392 --- [a5] [http-nio-8080-exec-10] com.a5.aspect.LoggingAspect              : Entering service method existsByName of class CourseService
2025-04-15T13:11:25.886-04:00 DEBUG 29392 --- [a5] [http-nio-8080-exec-10] com.a5.aspect.LoggingAspect              : Exiting service method existsByName of class CourseService
2025-04-15T13:11:25.887-04:00 DEBUG 29392 --- [a5] [http-nio-8080-exec-10] com.a5.aspect.LoggingAspect              : Entering service method saveCourse of class CourseService
2025-04-15T13:11:25.893-04:00 DEBUG 29392 --- [a5] [http-nio-8080-exec-10] com.a5.aspect.LoggingAspect              : Exiting service method saveCourse of class CourseService
2025-04-15T13:11:25.896-04:00  INFO 29392 --- [a5] [http-nio-8080-exec-10] com.a5.aspect.LoggingAspect              : Exiting method createCourse of class CourseController with result: redirect:/courses
2025-04-15T13:11:25.904-04:00  INFO 29392 --- [a5] [http-nio-8080-exec-3] com.a5.aspect.LoggingAspect              : Entering method listCourses of class CourseController
2025-04-15T13:11:25.905-04:00 DEBUG 29392 --- [a5] [http-nio-8080-exec-3] com.a5.aspect.LoggingAspect              : Entering service method getCoursesPage of class CourseService
2025-04-15T13:11:25.911-04:00 DEBUG 29392 --- [a5] [http-nio-8080-exec-3] com.a5.aspect.LoggingAspect              : Exiting service method getCoursesPage of class CourseService
2025-04-15T13:11:25.913-04:00  INFO 29392 --- [a5] [http-nio-8080-exec-3] com.a5.aspect.LoggingAspect              : Exiting method listCourses of class CourseController with result: courses/list
2025-04-15T13:11:27.662-04:00  INFO 29392 --- [a5] [http-nio-8080-exec-2] com.a5.aspect.LoggingAspect              : Entering method showCreateForm of class CourseController
2025-04-15T13:11:27.662-04:00  INFO 29392 --- [a5] [http-nio-8080-exec-2] com.a5.aspect.LoggingAspect              : Exiting method showCreateForm of class CourseController with result: courses/form
2025-04-15T13:11:30.753-04:00  INFO 29392 --- [a5] [http-nio-8080-exec-6] com.a5.aspect.LoggingAspect              : Entering method createCourse of class CourseController
2025-04-15T13:11:30.759-04:00 DEBUG 29392 --- [a5] [http-nio-8080-exec-6] com.a5.aspect.LoggingAspect              : Entering service method existsByName of class CourseService
2025-04-15T13:11:30.821-04:00 DEBUG 29392 --- [a5] [http-nio-8080-exec-6] com.a5.aspect.LoggingAspect              : Exiting service method existsByName of class CourseService
2025-04-15T13:11:30.828-04:00 DEBUG 29392 --- [a5] [http-nio-8080-exec-6] com.a5.aspect.LoggingAspect              : Entering service method saveCourse of class CourseService
2025-04-15T13:11:30.836-04:00 DEBUG 29392 --- [a5] [http-nio-8080-exec-6] com.a5.aspect.LoggingAspect              : Exiting service method saveCourse of class CourseService
2025-04-15T13:11:30.847-04:00  INFO 29392 --- [a5] [http-nio-8080-exec-6] com.a5.aspect.LoggingAspect              : Exiting method createCourse of class CourseController with result: redirect:/courses
2025-04-15T13:11:30.868-04:00  INFO 29392 --- [a5] [http-nio-8080-exec-7] com.a5.aspect.LoggingAspect              : Entering method listCourses of class CourseController
2025-04-15T13:11:30.869-04:00 DEBUG 29392 --- [a5] [http-nio-8080-exec-7] com.a5.aspect.LoggingAspect              : Entering service method getCoursesPage of class CourseService
2025-04-15T13:11:30.886-04:00 DEBUG 29392 --- [a5] [http-nio-8080-exec-7] com.a5.aspect.LoggingAspect              : Exiting service method getCoursesPage of class CourseService
2025-04-15T13:11:30.895-04:00  INFO 29392 --- [a5] [http-nio-8080-exec-7] com.a5.aspect.LoggingAspect              : Exiting method listCourses of class CourseController with result: courses/list
2025-04-15T13:11:39.309-04:00  INFO 29392 --- [a5] [http-nio-8080-exec-1] com.a5.aspect.LoggingAspect              : Entering method showCreateForm of class CourseController
2025-04-15T13:11:39.309-04:00  INFO 29392 --- [a5] [http-nio-8080-exec-1] com.a5.aspect.LoggingAspect              : Exiting method showCreateForm of class CourseController with result: courses/form
2025-04-15T13:11:41.783-04:00  INFO 29392 --- [a5] [http-nio-8080-exec-10] com.a5.aspect.LoggingAspect              : Entering method createCourse of class CourseController
2025-04-15T13:11:41.785-04:00 DEBUG 29392 --- [a5] [http-nio-8080-exec-10] com.a5.aspect.LoggingAspect              : Entering service method existsByName of class CourseService
2025-04-15T13:11:41.788-04:00 DEBUG 29392 --- [a5] [http-nio-8080-exec-10] com.a5.aspect.LoggingAspect              : Exiting service method existsByName of class CourseService
2025-04-15T13:11:41.789-04:00 DEBUG 29392 --- [a5] [http-nio-8080-exec-10] com.a5.aspect.LoggingAspect              : Entering service method saveCourse of class CourseService
2025-04-15T13:11:41.791-04:00 DEBUG 29392 --- [a5] [http-nio-8080-exec-10] com.a5.aspect.LoggingAspect              : Exiting service method saveCourse of class CourseService
2025-04-15T13:11:41.796-04:00  INFO 29392 --- [a5] [http-nio-8080-exec-10] com.a5.aspect.LoggingAspect              : Exiting method createCourse of class CourseController with result: redirect:/courses
2025-04-15T13:11:41.804-04:00  INFO 29392 --- [a5] [http-nio-8080-exec-3] com.a5.aspect.LoggingAspect              : Entering method listCourses of class CourseController
2025-04-15T13:11:41.806-04:00 DEBUG 29392 --- [a5] [http-nio-8080-exec-3] com.a5.aspect.LoggingAspect              : Entering service method getCoursesPage of class CourseService
2025-04-15T13:11:41.812-04:00 DEBUG 29392 --- [a5] [http-nio-8080-exec-3] com.a5.aspect.LoggingAspect              : Exiting service method getCoursesPage of class CourseService
2025-04-15T13:11:41.813-04:00  INFO 29392 --- [a5] [http-nio-8080-exec-3] com.a5.aspect.LoggingAspect              : Exiting method listCourses of class CourseController with result: courses/list
2025-04-15T13:11:43.375-04:00  INFO 29392 --- [a5] [http-nio-8080-exec-2] com.a5.aspect.LoggingAspect              : Entering method showCreateForm of class CourseController
2025-04-15T13:11:43.375-04:00  INFO 29392 --- [a5] [http-nio-8080-exec-2] com.a5.aspect.LoggingAspect              : Exiting method showCreateForm of class CourseController with result: courses/form
2025-04-15T13:11:46.735-04:00  INFO 29392 --- [a5] [http-nio-8080-exec-4] com.a5.aspect.LoggingAspect              : Entering method createCourse of class CourseController
2025-04-15T13:11:46.735-04:00 DEBUG 29392 --- [a5] [http-nio-8080-exec-4] com.a5.aspect.LoggingAspect              : Entering service method existsByName of class CourseService
2025-04-15T13:11:46.738-04:00 DEBUG 29392 --- [a5] [http-nio-8080-exec-4] com.a5.aspect.LoggingAspect              : Exiting service method existsByName of class CourseService
2025-04-15T13:11:46.738-04:00 DEBUG 29392 --- [a5] [http-nio-8080-exec-4] com.a5.aspect.LoggingAspect              : Entering service method saveCourse of class CourseService
2025-04-15T13:11:46.741-04:00 DEBUG 29392 --- [a5] [http-nio-8080-exec-4] com.a5.aspect.LoggingAspect              : Exiting service method saveCourse of class CourseService
2025-04-15T13:11:46.745-04:00  INFO 29392 --- [a5] [http-nio-8080-exec-4] com.a5.aspect.LoggingAspect              : Exiting method createCourse of class CourseController with result: redirect:/courses
2025-04-15T13:11:46.753-04:00  INFO 29392 --- [a5] [http-nio-8080-exec-5] com.a5.aspect.LoggingAspect              : Entering method listCourses of class CourseController
2025-04-15T13:11:46.754-04:00 DEBUG 29392 --- [a5] [http-nio-8080-exec-5] com.a5.aspect.LoggingAspect              : Entering service method getCoursesPage of class CourseService
2025-04-15T13:11:46.761-04:00 DEBUG 29392 --- [a5] [http-nio-8080-exec-5] com.a5.aspect.LoggingAspect              : Exiting service method getCoursesPage of class CourseService
2025-04-15T13:11:46.763-04:00  INFO 29392 --- [a5] [http-nio-8080-exec-5] com.a5.aspect.LoggingAspect              : Exiting method listCourses of class CourseController with result: courses/list
2025-04-15T13:11:50.523-04:00  INFO 29392 --- [a5] [http-nio-8080-exec-9] com.a5.aspect.LoggingAspect              : Entering method searchCourses of class CourseController
2025-04-15T13:11:50.525-04:00 DEBUG 29392 --- [a5] [http-nio-8080-exec-9] com.a5.aspect.LoggingAspect              : Entering service method searchCoursesByName of class CourseService
2025-04-15T13:11:50.541-04:00 DEBUG 29392 --- [a5] [http-nio-8080-exec-9] com.a5.aspect.LoggingAspect              : Exiting service method searchCoursesByName of class CourseService
2025-04-15T13:11:50.542-04:00  INFO 29392 --- [a5] [http-nio-8080-exec-9] com.a5.aspect.LoggingAspect              : Exiting method searchCourses of class CourseController with result: courses/list
2025-04-15T13:13:10.659-04:00  INFO 29392 --- [a5] [SpringApplicationShutdownHook] j.LocalContainerEntityManagerFactoryBean : Closing JPA EntityManagerFactory for persistence unit 'default'
2025-04-15T13:13:10.662-04:00  INFO 29392 --- [a5] [SpringApplicationShutdownHook] com.zaxxer.hikari.HikariDataSource       : HikariPool-4 - Shutdown initiated...
2025-04-15T13:13:10.689-04:00  INFO 29392 --- [a5] [SpringApplicationShutdownHook] com.zaxxer.hikari.HikariDataSource       : HikariPool-4 - Shutdown completed.
